{"C:\\Users\\X1 Carbon 8\\Downloads\\SOFTWARE_DESIGN_COSC_4353\\server\\middleware\\auth.js": {"path":"C:\\Users\\X1 Carbon 8\\Downloads\\SOFTWARE_DESIGN_COSC_4353\\server\\middleware\\auth.js","statementMap":{"0":{"start":{"line":1,"column":12},"end":{"line":1,"column":35}},"1":{"start":{"line":3,"column":0},"end":{"line":12,"column":2}},"2":{"start":{"line":4,"column":21},"end":{"line":4,"column":49}},"3":{"start":{"line":5,"column":16},"end":{"line":5,"column":54}},"4":{"start":{"line":6,"column":2},"end":{"line":6,"column":76}},"5":{"start":{"line":6,"column":14},"end":{"line":6,"column":76}},"6":{"start":{"line":7,"column":2},"end":{"line":11,"column":5}},"7":{"start":{"line":8,"column":4},"end":{"line":8,"column":71}},"8":{"start":{"line":8,"column":13},"end":{"line":8,"column":71}},"9":{"start":{"line":9,"column":4},"end":{"line":9,"column":20}},"10":{"start":{"line":10,"column":4},"end":{"line":10,"column":11}}},"fnMap":{"0":{"name":"(anonymous_0)","decl":{"start":{"line":3,"column":17},"end":{"line":3,"column":18}},"loc":{"start":{"line":3,"column":43},"end":{"line":12,"column":1}},"line":3},"1":{"name":"(anonymous_1)","decl":{"start":{"line":7,"column":44},"end":{"line":7,"column":45}},"loc":{"start":{"line":7,"column":59},"end":{"line":11,"column":3}},"line":7}},"branchMap":{"0":{"loc":{"start":{"line":5,"column":16},"end":{"line":5,"column":54}},"type":"binary-expr","locations":[{"start":{"line":5,"column":16},"end":{"line":5,"column":26}},{"start":{"line":5,"column":30},"end":{"line":5,"column":54}}],"line":5},"1":{"loc":{"start":{"line":6,"column":2},"end":{"line":6,"column":76}},"type":"if","locations":[{"start":{"line":6,"column":2},"end":{"line":6,"column":76}},{"start":{},"end":{}}],"line":6},"2":{"loc":{"start":{"line":8,"column":4},"end":{"line":8,"column":71}},"type":"if","locations":[{"start":{"line":8,"column":4},"end":{"line":8,"column":71}},{"start":{},"end":{}}],"line":8}},"s":{"0":0,"1":0,"2":0,"3":0,"4":0,"5":0,"6":0,"7":0,"8":0,"9":0,"10":0},"f":{"0":0,"1":0},"b":{"0":[0,0],"1":[0,0],"2":[0,0]}}
,"C:\\Users\\X1 Carbon 8\\Downloads\\SOFTWARE_DESIGN_COSC_4353\\server\\middleware\\role.js": {"path":"C:\\Users\\X1 Carbon 8\\Downloads\\SOFTWARE_DESIGN_COSC_4353\\server\\middleware\\role.js","statementMap":{"0":{"start":{"line":1,"column":0},"end":{"line":8,"column":2}},"1":{"start":{"line":2,"column":2},"end":{"line":7,"column":4}},"2":{"start":{"line":3,"column":4},"end":{"line":5,"column":5}},"3":{"start":{"line":4,"column":6},"end":{"line":4,"column":84}},"4":{"start":{"line":6,"column":4},"end":{"line":6,"column":11}}},"fnMap":{"0":{"name":"restrictTo","decl":{"start":{"line":1,"column":26},"end":{"line":1,"column":36}},"loc":{"start":{"line":1,"column":47},"end":{"line":8,"column":1}},"line":1},"1":{"name":"(anonymous_1)","decl":{"start":{"line":2,"column":9},"end":{"line":2,"column":10}},"loc":{"start":{"line":2,"column":29},"end":{"line":7,"column":3}},"line":2}},"branchMap":{"0":{"loc":{"start":{"line":3,"column":4},"end":{"line":5,"column":5}},"type":"if","locations":[{"start":{"line":3,"column":4},"end":{"line":5,"column":5}},{"start":{},"end":{}}],"line":3}},"s":{"0":0,"1":0,"2":0,"3":0,"4":0},"f":{"0":0,"1":0},"b":{"0":[0,0]}}
,"C:\\Users\\X1 Carbon 8\\Downloads\\SOFTWARE_DESIGN_COSC_4353\\server\\routes\\adoption.js": {"path":"C:\\Users\\X1 Carbon 8\\Downloads\\SOFTWARE_DESIGN_COSC_4353\\server\\routes\\adoption.js","statementMap":{"0":{"start":{"line":1,"column":16},"end":{"line":1,"column":34}},"1":{"start":{"line":2,"column":15},"end":{"line":2,"column":31}},"2":{"start":{"line":3,"column":13},"end":{"line":3,"column":29}},"3":{"start":{"line":4,"column":13},"end":{"line":4,"column":42}},"4":{"start":{"line":7,"column":0},"end":{"line":18,"column":3}},"5":{"start":{"line":8,"column":97},"end":{"line":8,"column":105}},"6":{"start":{"line":9,"column":2},"end":{"line":17,"column":3}},"7":{"start":{"line":10,"column":21},"end":{"line":13,"column":5}},"8":{"start":{"line":14,"column":4},"end":{"line":14,"column":68}},"9":{"start":{"line":16,"column":4},"end":{"line":16,"column":74}},"10":{"start":{"line":21,"column":0},"end":{"line":29,"column":3}},"11":{"start":{"line":22,"column":2},"end":{"line":22,"column":89}},"12":{"start":{"line":22,"column":35},"end":{"line":22,"column":89}},"13":{"start":{"line":23,"column":2},"end":{"line":28,"column":3}},"14":{"start":{"line":24,"column":23},"end":{"line":24,"column":74}},"15":{"start":{"line":25,"column":4},"end":{"line":25,"column":23}},"16":{"start":{"line":27,"column":4},"end":{"line":27,"column":74}},"17":{"start":{"line":32,"column":0},"end":{"line":41,"column":3}},"18":{"start":{"line":33,"column":2},"end":{"line":33,"column":89}},"19":{"start":{"line":33,"column":35},"end":{"line":33,"column":89}},"20":{"start":{"line":34,"column":36},"end":{"line":34,"column":44}},"21":{"start":{"line":35,"column":2},"end":{"line":40,"column":3}},"22":{"start":{"line":36,"column":4},"end":{"line":36,"column":130}},"23":{"start":{"line":37,"column":4},"end":{"line":37,"column":54}},"24":{"start":{"line":39,"column":4},"end":{"line":39,"column":74}},"25":{"start":{"line":44,"column":0},"end":{"line":51,"column":3}},"26":{"start":{"line":45,"column":2},"end":{"line":50,"column":3}},"27":{"start":{"line":46,"column":23},"end":{"line":46,"column":117}},"28":{"start":{"line":47,"column":4},"end":{"line":47,"column":23}},"29":{"start":{"line":49,"column":4},"end":{"line":49,"column":74}},"30":{"start":{"line":53,"column":0},"end":{"line":53,"column":24}}},"fnMap":{"0":{"name":"(anonymous_0)","decl":{"start":{"line":7,"column":23},"end":{"line":7,"column":24}},"loc":{"start":{"line":7,"column":43},"end":{"line":18,"column":1}},"line":7},"1":{"name":"(anonymous_1)","decl":{"start":{"line":21,"column":22},"end":{"line":21,"column":23}},"loc":{"start":{"line":21,"column":42},"end":{"line":29,"column":1}},"line":21},"2":{"name":"(anonymous_2)","decl":{"start":{"line":32,"column":25},"end":{"line":32,"column":26}},"loc":{"start":{"line":32,"column":45},"end":{"line":41,"column":1}},"line":32},"3":{"name":"(anonymous_3)","decl":{"start":{"line":44,"column":34},"end":{"line":44,"column":35}},"loc":{"start":{"line":44,"column":54},"end":{"line":51,"column":1}},"line":44}},"branchMap":{"0":{"loc":{"start":{"line":22,"column":2},"end":{"line":22,"column":89}},"type":"if","locations":[{"start":{"line":22,"column":2},"end":{"line":22,"column":89}},{"start":{},"end":{}}],"line":22},"1":{"loc":{"start":{"line":33,"column":2},"end":{"line":33,"column":89}},"type":"if","locations":[{"start":{"line":33,"column":2},"end":{"line":33,"column":89}},{"start":{},"end":{}}],"line":33}},"s":{"0":1,"1":1,"2":1,"3":1,"4":1,"5":1,"6":1,"7":1,"8":1,"9":0,"10":1,"11":2,"12":0,"13":2,"14":2,"15":1,"16":1,"17":1,"18":1,"19":0,"20":1,"21":1,"22":1,"23":1,"24":0,"25":1,"26":0,"27":0,"28":0,"29":0,"30":1},"f":{"0":1,"1":2,"2":1,"3":0},"b":{"0":[0,2],"1":[0,1]},"_coverageSchema":"1a1c01bbd47fc00a2c39e90264f33305004495a9","hash":"27a99213136e475b25f3cf0c663be1dc622d6d88"}
,"C:\\Users\\X1 Carbon 8\\Downloads\\SOFTWARE_DESIGN_COSC_4353\\server\\routes\\animals.js": {"path":"C:\\Users\\X1 Carbon 8\\Downloads\\SOFTWARE_DESIGN_COSC_4353\\server\\routes\\animals.js","statementMap":{"0":{"start":{"line":1,"column":16},"end":{"line":1,"column":34}},"1":{"start":{"line":2,"column":15},"end":{"line":2,"column":31}},"2":{"start":{"line":3,"column":13},"end":{"line":3,"column":29}},"3":{"start":{"line":4,"column":13},"end":{"line":4,"column":42}},"4":{"start":{"line":7,"column":0},"end":{"line":14,"column":3}},"5":{"start":{"line":8,"column":2},"end":{"line":13,"column":3}},"6":{"start":{"line":9,"column":22},"end":{"line":9,"column":63}},"7":{"start":{"line":10,"column":4},"end":{"line":10,"column":22}},"8":{"start":{"line":12,"column":4},"end":{"line":12,"column":74}},"9":{"start":{"line":17,"column":0},"end":{"line":25,"column":3}},"10":{"start":{"line":18,"column":2},"end":{"line":24,"column":3}},"11":{"start":{"line":19,"column":22},"end":{"line":19,"column":100}},"12":{"start":{"line":20,"column":4},"end":{"line":20,"column":91}},"13":{"start":{"line":20,"column":30},"end":{"line":20,"column":91}},"14":{"start":{"line":21,"column":4},"end":{"line":21,"column":25}},"15":{"start":{"line":23,"column":4},"end":{"line":23,"column":74}},"16":{"start":{"line":28,"column":0},"end":{"line":39,"column":3}},"17":{"start":{"line":29,"column":225},"end":{"line":29,"column":233}},"18":{"start":{"line":30,"column":2},"end":{"line":38,"column":3}},"19":{"start":{"line":31,"column":21},"end":{"line":34,"column":5}},"20":{"start":{"line":35,"column":4},"end":{"line":35,"column":77}},"21":{"start":{"line":37,"column":4},"end":{"line":37,"column":74}},"22":{"start":{"line":42,"column":0},"end":{"line":53,"column":3}},"23":{"start":{"line":43,"column":98},"end":{"line":43,"column":106}},"24":{"start":{"line":44,"column":2},"end":{"line":52,"column":3}},"25":{"start":{"line":45,"column":21},"end":{"line":48,"column":5}},"26":{"start":{"line":49,"column":4},"end":{"line":49,"column":44}},"27":{"start":{"line":51,"column":4},"end":{"line":51,"column":74}},"28":{"start":{"line":56,"column":0},"end":{"line":63,"column":3}},"29":{"start":{"line":57,"column":2},"end":{"line":62,"column":3}},"30":{"start":{"line":58,"column":4},"end":{"line":58,"column":81}},"31":{"start":{"line":59,"column":4},"end":{"line":59,"column":44}},"32":{"start":{"line":61,"column":4},"end":{"line":61,"column":74}},"33":{"start":{"line":65,"column":0},"end":{"line":65,"column":24}}},"fnMap":{"0":{"name":"(anonymous_0)","decl":{"start":{"line":7,"column":16},"end":{"line":7,"column":17}},"loc":{"start":{"line":7,"column":36},"end":{"line":14,"column":1}},"line":7},"1":{"name":"(anonymous_1)","decl":{"start":{"line":17,"column":19},"end":{"line":17,"column":20}},"loc":{"start":{"line":17,"column":39},"end":{"line":25,"column":1}},"line":17},"2":{"name":"(anonymous_2)","decl":{"start":{"line":28,"column":23},"end":{"line":28,"column":24}},"loc":{"start":{"line":28,"column":43},"end":{"line":39,"column":1}},"line":28},"3":{"name":"(anonymous_3)","decl":{"start":{"line":42,"column":25},"end":{"line":42,"column":26}},"loc":{"start":{"line":42,"column":45},"end":{"line":53,"column":1}},"line":42},"4":{"name":"(anonymous_4)","decl":{"start":{"line":56,"column":28},"end":{"line":56,"column":29}},"loc":{"start":{"line":56,"column":48},"end":{"line":63,"column":1}},"line":56}},"branchMap":{"0":{"loc":{"start":{"line":20,"column":4},"end":{"line":20,"column":91}},"type":"if","locations":[{"start":{"line":20,"column":4},"end":{"line":20,"column":91}},{"start":{},"end":{}}],"line":20}},"s":{"0":1,"1":1,"2":1,"3":1,"4":1,"5":2,"6":2,"7":1,"8":1,"9":1,"10":0,"11":0,"12":0,"13":0,"14":0,"15":0,"16":1,"17":1,"18":1,"19":1,"20":1,"21":0,"22":1,"23":1,"24":1,"25":1,"26":1,"27":0,"28":1,"29":1,"30":1,"31":1,"32":0,"33":1},"f":{"0":2,"1":0,"2":1,"3":1,"4":1},"b":{"0":[0,0]},"_coverageSchema":"1a1c01bbd47fc00a2c39e90264f33305004495a9","hash":"5292aeaebacb811fd92dda584d84255f1a97e0fd"}
,"C:\\Users\\X1 Carbon 8\\Downloads\\SOFTWARE_DESIGN_COSC_4353\\server\\routes\\donations.js": {"path":"C:\\Users\\X1 Carbon 8\\Downloads\\SOFTWARE_DESIGN_COSC_4353\\server\\routes\\donations.js","statementMap":{"0":{"start":{"line":1,"column":16},"end":{"line":1,"column":34}},"1":{"start":{"line":2,"column":15},"end":{"line":2,"column":31}},"2":{"start":{"line":3,"column":13},"end":{"line":3,"column":29}},"3":{"start":{"line":4,"column":13},"end":{"line":4,"column":42}},"4":{"start":{"line":7,"column":0},"end":{"line":20,"column":3}},"5":{"start":{"line":8,"column":51},"end":{"line":8,"column":59}},"6":{"start":{"line":9,"column":2},"end":{"line":19,"column":3}},"7":{"start":{"line":10,"column":21},"end":{"line":13,"column":5}},"8":{"start":{"line":15,"column":4},"end":{"line":15,"column":132}},"9":{"start":{"line":16,"column":4},"end":{"line":16,"column":76}},"10":{"start":{"line":18,"column":4},"end":{"line":18,"column":74}},"11":{"start":{"line":23,"column":0},"end":{"line":33,"column":3}},"12":{"start":{"line":24,"column":2},"end":{"line":32,"column":3}},"13":{"start":{"line":25,"column":24},"end":{"line":28,"column":5}},"14":{"start":{"line":29,"column":4},"end":{"line":29,"column":24}},"15":{"start":{"line":31,"column":4},"end":{"line":31,"column":74}},"16":{"start":{"line":36,"column":0},"end":{"line":44,"column":3}},"17":{"start":{"line":37,"column":2},"end":{"line":37,"column":89}},"18":{"start":{"line":37,"column":35},"end":{"line":37,"column":89}},"19":{"start":{"line":38,"column":2},"end":{"line":43,"column":3}},"20":{"start":{"line":39,"column":24},"end":{"line":39,"column":67}},"21":{"start":{"line":40,"column":4},"end":{"line":40,"column":24}},"22":{"start":{"line":42,"column":4},"end":{"line":42,"column":74}},"23":{"start":{"line":46,"column":0},"end":{"line":46,"column":24}}},"fnMap":{"0":{"name":"(anonymous_0)","decl":{"start":{"line":7,"column":23},"end":{"line":7,"column":24}},"loc":{"start":{"line":7,"column":43},"end":{"line":20,"column":1}},"line":7},"1":{"name":"(anonymous_1)","decl":{"start":{"line":23,"column":24},"end":{"line":23,"column":25}},"loc":{"start":{"line":23,"column":44},"end":{"line":33,"column":1}},"line":23},"2":{"name":"(anonymous_2)","decl":{"start":{"line":36,"column":22},"end":{"line":36,"column":23}},"loc":{"start":{"line":36,"column":42},"end":{"line":44,"column":1}},"line":36}},"branchMap":{"0":{"loc":{"start":{"line":37,"column":2},"end":{"line":37,"column":89}},"type":"if","locations":[{"start":{"line":37,"column":2},"end":{"line":37,"column":89}},{"start":{},"end":{}}],"line":37}},"s":{"0":1,"1":1,"2":1,"3":1,"4":1,"5":1,"6":1,"7":1,"8":1,"9":1,"10":0,"11":1,"12":0,"13":0,"14":0,"15":0,"16":1,"17":2,"18":0,"19":2,"20":2,"21":1,"22":1,"23":1},"f":{"0":1,"1":0,"2":2},"b":{"0":[0,2]},"_coverageSchema":"1a1c01bbd47fc00a2c39e90264f33305004495a9","hash":"bc9a9d793cbdab153ae6f2c27df08aa782c7590c"}
,"C:\\Users\\X1 Carbon 8\\Downloads\\SOFTWARE_DESIGN_COSC_4353\\server\\routes\\events.js": {"path":"C:\\Users\\X1 Carbon 8\\Downloads\\SOFTWARE_DESIGN_COSC_4353\\server\\routes\\events.js","statementMap":{"0":{"start":{"line":1,"column":16},"end":{"line":1,"column":34}},"1":{"start":{"line":2,"column":15},"end":{"line":2,"column":31}},"2":{"start":{"line":3,"column":13},"end":{"line":3,"column":29}},"3":{"start":{"line":4,"column":13},"end":{"line":4,"column":42}},"4":{"start":{"line":7,"column":26},"end":{"line":35,"column":1}},"5":{"start":{"line":8,"column":17},"end":{"line":8,"column":19}},"6":{"start":{"line":10,"column":2},"end":{"line":12,"column":3}},"7":{"start":{"line":11,"column":4},"end":{"line":11,"column":76}},"8":{"start":{"line":14,"column":2},"end":{"line":16,"column":3}},"9":{"start":{"line":15,"column":4},"end":{"line":15,"column":82}},"10":{"start":{"line":18,"column":2},"end":{"line":20,"column":3}},"11":{"start":{"line":19,"column":4},"end":{"line":19,"column":48}},"12":{"start":{"line":22,"column":2},"end":{"line":24,"column":3}},"13":{"start":{"line":23,"column":4},"end":{"line":23,"column":79}},"14":{"start":{"line":26,"column":2},"end":{"line":28,"column":3}},"15":{"start":{"line":27,"column":4},"end":{"line":27,"column":66}},"16":{"start":{"line":30,"column":2},"end":{"line":32,"column":3}},"17":{"start":{"line":31,"column":4},"end":{"line":31,"column":52}},"18":{"start":{"line":34,"column":2},"end":{"line":34,"column":16}},"19":{"start":{"line":38,"column":0},"end":{"line":59,"column":3}},"20":{"start":{"line":39,"column":2},"end":{"line":58,"column":3}},"21":{"start":{"line":40,"column":21},"end":{"line":47,"column":6}},"22":{"start":{"line":50,"column":29},"end":{"line":53,"column":7}},"23":{"start":{"line":50,"column":50},"end":{"line":53,"column":5}},"24":{"start":{"line":55,"column":4},"end":{"line":55,"column":31}},"25":{"start":{"line":57,"column":4},"end":{"line":57,"column":74}},"26":{"start":{"line":62,"column":0},"end":{"line":86,"column":3}},"27":{"start":{"line":63,"column":2},"end":{"line":85,"column":3}},"28":{"start":{"line":64,"column":21},"end":{"line":73,"column":23}},"29":{"start":{"line":75,"column":4},"end":{"line":77,"column":5}},"30":{"start":{"line":76,"column":6},"end":{"line":76,"column":66}},"31":{"start":{"line":79,"column":18},"end":{"line":79,"column":27}},"32":{"start":{"line":80,"column":4},"end":{"line":80,"column":90}},"33":{"start":{"line":82,"column":4},"end":{"line":82,"column":20}},"34":{"start":{"line":84,"column":4},"end":{"line":84,"column":74}},"35":{"start":{"line":89,"column":0},"end":{"line":128,"column":3}},"36":{"start":{"line":90,"column":2},"end":{"line":92,"column":3}},"37":{"start":{"line":91,"column":4},"end":{"line":91,"column":80}},"38":{"start":{"line":94,"column":97},"end":{"line":94,"column":105}},"39":{"start":{"line":97,"column":17},"end":{"line":97,"column":100}},"40":{"start":{"line":98,"column":2},"end":{"line":100,"column":3}},"41":{"start":{"line":99,"column":4},"end":{"line":99,"column":74}},"42":{"start":{"line":102,"column":2},"end":{"line":127,"column":3}},"43":{"start":{"line":104,"column":21},"end":{"line":107,"column":5}},"44":{"start":{"line":109,"column":20},"end":{"line":109,"column":35}},"45":{"start":{"line":112,"column":4},"end":{"line":119,"column":5}},"46":{"start":{"line":113,"column":6},"end":{"line":118,"column":7}},"47":{"start":{"line":114,"column":8},"end":{"line":117,"column":10}},"48":{"start":{"line":121,"column":4},"end":{"line":124,"column":7}},"49":{"start":{"line":126,"column":4},"end":{"line":126,"column":74}},"50":{"start":{"line":131,"column":0},"end":{"line":166,"column":3}},"51":{"start":{"line":132,"column":2},"end":{"line":134,"column":3}},"52":{"start":{"line":133,"column":4},"end":{"line":133,"column":80}},"53":{"start":{"line":136,"column":97},"end":{"line":136,"column":105}},"54":{"start":{"line":139,"column":17},"end":{"line":139,"column":100}},"55":{"start":{"line":140,"column":2},"end":{"line":142,"column":3}},"56":{"start":{"line":141,"column":4},"end":{"line":141,"column":74}},"57":{"start":{"line":144,"column":2},"end":{"line":165,"column":3}},"58":{"start":{"line":146,"column":4},"end":{"line":149,"column":6}},"59":{"start":{"line":152,"column":4},"end":{"line":160,"column":5}},"60":{"start":{"line":153,"column":6},"end":{"line":153,"column":87}},"61":{"start":{"line":154,"column":6},"end":{"line":159,"column":7}},"62":{"start":{"line":155,"column":8},"end":{"line":158,"column":10}},"63":{"start":{"line":162,"column":4},"end":{"line":162,"column":56}},"64":{"start":{"line":164,"column":4},"end":{"line":164,"column":74}},"65":{"start":{"line":169,"column":0},"end":{"line":183,"column":3}},"66":{"start":{"line":170,"column":2},"end":{"line":172,"column":3}},"67":{"start":{"line":171,"column":4},"end":{"line":171,"column":80}},"68":{"start":{"line":174,"column":2},"end":{"line":182,"column":3}},"69":{"start":{"line":175,"column":4},"end":{"line":175,"column":85}},"70":{"start":{"line":176,"column":4},"end":{"line":176,"column":92}},"71":{"start":{"line":177,"column":4},"end":{"line":177,"column":73}},"72":{"start":{"line":179,"column":4},"end":{"line":179,"column":56}},"73":{"start":{"line":181,"column":4},"end":{"line":181,"column":74}},"74":{"start":{"line":186,"column":0},"end":{"line":218,"column":3}},"75":{"start":{"line":187,"column":2},"end":{"line":217,"column":3}},"76":{"start":{"line":189,"column":23},"end":{"line":192,"column":5}},"77":{"start":{"line":194,"column":4},"end":{"line":196,"column":5}},"78":{"start":{"line":195,"column":6},"end":{"line":195,"column":84}},"79":{"start":{"line":199,"column":20},"end":{"line":202,"column":5}},"80":{"start":{"line":204,"column":4},"end":{"line":206,"column":5}},"81":{"start":{"line":205,"column":6},"end":{"line":205,"column":64}},"82":{"start":{"line":209,"column":4},"end":{"line":212,"column":6}},"83":{"start":{"line":214,"column":4},"end":{"line":214,"column":63}},"84":{"start":{"line":216,"column":4},"end":{"line":216,"column":74}},"85":{"start":{"line":221,"column":0},"end":{"line":232,"column":3}},"86":{"start":{"line":222,"column":2},"end":{"line":231,"column":3}},"87":{"start":{"line":223,"column":4},"end":{"line":226,"column":6}},"88":{"start":{"line":228,"column":4},"end":{"line":228,"column":66}},"89":{"start":{"line":230,"column":4},"end":{"line":230,"column":74}},"90":{"start":{"line":234,"column":0},"end":{"line":234,"column":24}}},"fnMap":{"0":{"name":"(anonymous_0)","decl":{"start":{"line":7,"column":26},"end":{"line":7,"column":27}},"loc":{"start":{"line":7,"column":36},"end":{"line":35,"column":1}},"line":7},"1":{"name":"(anonymous_1)","decl":{"start":{"line":38,"column":16},"end":{"line":38,"column":17}},"loc":{"start":{"line":38,"column":36},"end":{"line":59,"column":1}},"line":38},"2":{"name":"(anonymous_2)","decl":{"start":{"line":50,"column":40},"end":{"line":50,"column":41}},"loc":{"start":{"line":50,"column":50},"end":{"line":53,"column":5}},"line":50},"3":{"name":"(anonymous_3)","decl":{"start":{"line":62,"column":19},"end":{"line":62,"column":20}},"loc":{"start":{"line":62,"column":39},"end":{"line":86,"column":1}},"line":62},"4":{"name":"(anonymous_4)","decl":{"start":{"line":89,"column":23},"end":{"line":89,"column":24}},"loc":{"start":{"line":89,"column":43},"end":{"line":128,"column":1}},"line":89},"5":{"name":"(anonymous_5)","decl":{"start":{"line":131,"column":25},"end":{"line":131,"column":26}},"loc":{"start":{"line":131,"column":45},"end":{"line":166,"column":1}},"line":131},"6":{"name":"(anonymous_6)","decl":{"start":{"line":169,"column":28},"end":{"line":169,"column":29}},"loc":{"start":{"line":169,"column":48},"end":{"line":183,"column":1}},"line":169},"7":{"name":"(anonymous_7)","decl":{"start":{"line":186,"column":35},"end":{"line":186,"column":36}},"loc":{"start":{"line":186,"column":55},"end":{"line":218,"column":1}},"line":186},"8":{"name":"(anonymous_8)","decl":{"start":{"line":221,"column":37},"end":{"line":221,"column":38}},"loc":{"start":{"line":221,"column":57},"end":{"line":232,"column":1}},"line":221}},"branchMap":{"0":{"loc":{"start":{"line":10,"column":2},"end":{"line":12,"column":3}},"type":"if","locations":[{"start":{"line":10,"column":2},"end":{"line":12,"column":3}},{"start":{},"end":{}}],"line":10},"1":{"loc":{"start":{"line":10,"column":6},"end":{"line":10,"column":44}},"type":"binary-expr","locations":[{"start":{"line":10,"column":6},"end":{"line":10,"column":17}},{"start":{"line":10,"column":21},"end":{"line":10,"column":44}}],"line":10},"2":{"loc":{"start":{"line":14,"column":2},"end":{"line":16,"column":3}},"type":"if","locations":[{"start":{"line":14,"column":2},"end":{"line":16,"column":3}},{"start":{},"end":{}}],"line":14},"3":{"loc":{"start":{"line":14,"column":6},"end":{"line":14,"column":56}},"type":"binary-expr","locations":[{"start":{"line":14,"column":6},"end":{"line":14,"column":23}},{"start":{"line":14,"column":27},"end":{"line":14,"column":56}}],"line":14},"4":{"loc":{"start":{"line":18,"column":2},"end":{"line":20,"column":3}},"type":"if","locations":[{"start":{"line":18,"column":2},"end":{"line":20,"column":3}},{"start":{},"end":{}}],"line":18},"5":{"loc":{"start":{"line":18,"column":6},"end":{"line":18,"column":42}},"type":"binary-expr","locations":[{"start":{"line":18,"column":6},"end":{"line":18,"column":16}},{"start":{"line":18,"column":20},"end":{"line":18,"column":42}}],"line":18},"6":{"loc":{"start":{"line":22,"column":2},"end":{"line":24,"column":3}},"type":"if","locations":[{"start":{"line":22,"column":2},"end":{"line":24,"column":3}},{"start":{},"end":{}}],"line":22},"7":{"loc":{"start":{"line":22,"column":6},"end":{"line":22,"column":50}},"type":"binary-expr","locations":[{"start":{"line":22,"column":6},"end":{"line":22,"column":20}},{"start":{"line":22,"column":24},"end":{"line":22,"column":50}}],"line":22},"8":{"loc":{"start":{"line":26,"column":2},"end":{"line":28,"column":3}},"type":"if","locations":[{"start":{"line":26,"column":2},"end":{"line":28,"column":3}},{"start":{},"end":{}}],"line":26},"9":{"loc":{"start":{"line":26,"column":6},"end":{"line":26,"column":84}},"type":"binary-expr","locations":[{"start":{"line":26,"column":6},"end":{"line":26,"column":19}},{"start":{"line":26,"column":23},"end":{"line":26,"column":84}}],"line":26},"10":{"loc":{"start":{"line":30,"column":2},"end":{"line":32,"column":3}},"type":"if","locations":[{"start":{"line":30,"column":2},"end":{"line":32,"column":3}},{"start":{},"end":{}}],"line":30},"11":{"loc":{"start":{"line":30,"column":6},"end":{"line":30,"column":66}},"type":"binary-expr","locations":[{"start":{"line":30,"column":6},"end":{"line":30,"column":26}},{"start":{"line":30,"column":30},"end":{"line":30,"column":66}}],"line":30},"12":{"loc":{"start":{"line":52,"column":23},"end":{"line":52,"column":84}},"type":"cond-expr","locations":[{"start":{"line":52,"column":47},"end":{"line":52,"column":79}},{"start":{"line":52,"column":82},"end":{"line":52,"column":84}}],"line":52},"13":{"loc":{"start":{"line":75,"column":4},"end":{"line":77,"column":5}},"type":"if","locations":[{"start":{"line":75,"column":4},"end":{"line":77,"column":5}},{"start":{},"end":{}}],"line":75},"14":{"loc":{"start":{"line":80,"column":28},"end":{"line":80,"column":89}},"type":"cond-expr","locations":[{"start":{"line":80,"column":52},"end":{"line":80,"column":84}},{"start":{"line":80,"column":87},"end":{"line":80,"column":89}}],"line":80},"15":{"loc":{"start":{"line":90,"column":2},"end":{"line":92,"column":3}},"type":"if","locations":[{"start":{"line":90,"column":2},"end":{"line":92,"column":3}},{"start":{},"end":{}}],"line":90},"16":{"loc":{"start":{"line":98,"column":2},"end":{"line":100,"column":3}},"type":"if","locations":[{"start":{"line":98,"column":2},"end":{"line":100,"column":3}},{"start":{},"end":{}}],"line":98},"17":{"loc":{"start":{"line":112,"column":4},"end":{"line":119,"column":5}},"type":"if","locations":[{"start":{"line":112,"column":4},"end":{"line":119,"column":5}},{"start":{},"end":{}}],"line":112},"18":{"loc":{"start":{"line":112,"column":8},"end":{"line":112,"column":57}},"type":"binary-expr","locations":[{"start":{"line":112,"column":8},"end":{"line":112,"column":23}},{"start":{"line":112,"column":27},"end":{"line":112,"column":57}}],"line":112},"19":{"loc":{"start":{"line":132,"column":2},"end":{"line":134,"column":3}},"type":"if","locations":[{"start":{"line":132,"column":2},"end":{"line":134,"column":3}},{"start":{},"end":{}}],"line":132},"20":{"loc":{"start":{"line":140,"column":2},"end":{"line":142,"column":3}},"type":"if","locations":[{"start":{"line":140,"column":2},"end":{"line":142,"column":3}},{"start":{},"end":{}}],"line":140},"21":{"loc":{"start":{"line":152,"column":4},"end":{"line":160,"column":5}},"type":"if","locations":[{"start":{"line":152,"column":4},"end":{"line":160,"column":5}},{"start":{},"end":{}}],"line":152},"22":{"loc":{"start":{"line":152,"column":8},"end":{"line":152,"column":57}},"type":"binary-expr","locations":[{"start":{"line":152,"column":8},"end":{"line":152,"column":23}},{"start":{"line":152,"column":27},"end":{"line":152,"column":57}}],"line":152},"23":{"loc":{"start":{"line":170,"column":2},"end":{"line":172,"column":3}},"type":"if","locations":[{"start":{"line":170,"column":2},"end":{"line":172,"column":3}},{"start":{},"end":{}}],"line":170},"24":{"loc":{"start":{"line":194,"column":4},"end":{"line":196,"column":5}},"type":"if","locations":[{"start":{"line":194,"column":4},"end":{"line":196,"column":5}},{"start":{},"end":{}}],"line":194},"25":{"loc":{"start":{"line":204,"column":4},"end":{"line":206,"column":5}},"type":"if","locations":[{"start":{"line":204,"column":4},"end":{"line":206,"column":5}},{"start":{},"end":{}}],"line":204}},"s":{"0":1,"1":1,"2":1,"3":1,"4":1,"5":3,"6":3,"7":1,"8":3,"9":0,"10":3,"11":1,"12":3,"13":0,"14":3,"15":1,"16":3,"17":0,"18":3,"19":1,"20":1,"21":1,"22":1,"23":2,"24":1,"25":0,"26":1,"27":2,"28":2,"29":2,"30":1,"31":1,"32":1,"33":1,"34":0,"35":1,"36":2,"37":0,"38":2,"39":2,"40":2,"41":1,"42":1,"43":1,"44":1,"45":1,"46":1,"47":1,"48":1,"49":0,"50":1,"51":1,"52":0,"53":1,"54":1,"55":1,"56":0,"57":1,"58":1,"59":1,"60":1,"61":1,"62":2,"63":1,"64":0,"65":1,"66":1,"67":0,"68":1,"69":1,"70":1,"71":1,"72":1,"73":0,"74":1,"75":3,"76":3,"77":3,"78":1,"79":2,"80":2,"81":1,"82":1,"83":1,"84":0,"85":1,"86":1,"87":1,"88":1,"89":0,"90":1},"f":{"0":3,"1":1,"2":2,"3":2,"4":2,"5":1,"6":1,"7":3,"8":1},"b":{"0":[1,2],"1":[3,2],"2":[0,3],"3":[3,3],"4":[1,2],"5":[3,3],"6":[0,3],"7":[3,3],"8":[1,2],"9":[3,3],"10":[0,3],"11":[3,2],"12":[2,0],"13":[1,1],"14":[1,0],"15":[0,2],"16":[1,1],"17":[1,0],"18":[1,1],"19":[0,1],"20":[0,1],"21":[1,0],"22":[1,1],"23":[0,1],"24":[1,2],"25":[1,1]},"_coverageSchema":"1a1c01bbd47fc00a2c39e90264f33305004495a9","hash":"e301e1a14c49c7a9ddbc671fa7ca8e629f918e43"}
,"C:\\Users\\X1 Carbon 8\\Downloads\\SOFTWARE_DESIGN_COSC_4353\\server\\routes\\notifications.js": {"path":"C:\\Users\\X1 Carbon 8\\Downloads\\SOFTWARE_DESIGN_COSC_4353\\server\\routes\\notifications.js","statementMap":{"0":{"start":{"line":1,"column":16},"end":{"line":1,"column":34}},"1":{"start":{"line":2,"column":15},"end":{"line":2,"column":31}},"2":{"start":{"line":3,"column":13},"end":{"line":3,"column":29}},"3":{"start":{"line":4,"column":13},"end":{"line":4,"column":42}},"4":{"start":{"line":7,"column":0},"end":{"line":14,"column":3}},"5":{"start":{"line":8,"column":2},"end":{"line":13,"column":3}},"6":{"start":{"line":9,"column":28},"end":{"line":9,"column":75}},"7":{"start":{"line":10,"column":4},"end":{"line":10,"column":28}},"8":{"start":{"line":12,"column":4},"end":{"line":12,"column":74}},"9":{"start":{"line":16,"column":0},"end":{"line":24,"column":3}},"10":{"start":{"line":17,"column":2},"end":{"line":23,"column":3}},"11":{"start":{"line":18,"column":28},"end":{"line":18,"column":119}},"12":{"start":{"line":19,"column":4},"end":{"line":19,"column":103}},"13":{"start":{"line":19,"column":36},"end":{"line":19,"column":103}},"14":{"start":{"line":20,"column":4},"end":{"line":20,"column":31}},"15":{"start":{"line":22,"column":4},"end":{"line":22,"column":74}},"16":{"start":{"line":26,"column":0},"end":{"line":38,"column":3}},"17":{"start":{"line":27,"column":38},"end":{"line":27,"column":46}},"18":{"start":{"line":28,"column":2},"end":{"line":28,"column":97}},"19":{"start":{"line":28,"column":29},"end":{"line":28,"column":97}},"20":{"start":{"line":29,"column":2},"end":{"line":37,"column":3}},"21":{"start":{"line":30,"column":21},"end":{"line":33,"column":5}},"22":{"start":{"line":34,"column":4},"end":{"line":34,"column":83}},"23":{"start":{"line":36,"column":4},"end":{"line":36,"column":74}},"24":{"start":{"line":40,"column":0},"end":{"line":52,"column":3}},"25":{"start":{"line":41,"column":37},"end":{"line":41,"column":45}},"26":{"start":{"line":42,"column":2},"end":{"line":51,"column":3}},"27":{"start":{"line":43,"column":21},"end":{"line":46,"column":5}},"28":{"start":{"line":47,"column":4},"end":{"line":47,"column":102}},"29":{"start":{"line":47,"column":35},"end":{"line":47,"column":102}},"30":{"start":{"line":48,"column":4},"end":{"line":48,"column":50}},"31":{"start":{"line":50,"column":4},"end":{"line":50,"column":74}},"32":{"start":{"line":54,"column":0},"end":{"line":62,"column":3}},"33":{"start":{"line":55,"column":2},"end":{"line":61,"column":3}},"34":{"start":{"line":56,"column":21},"end":{"line":56,"column":108}},"35":{"start":{"line":57,"column":4},"end":{"line":57,"column":102}},"36":{"start":{"line":57,"column":35},"end":{"line":57,"column":102}},"37":{"start":{"line":58,"column":4},"end":{"line":58,"column":50}},"38":{"start":{"line":60,"column":4},"end":{"line":60,"column":74}},"39":{"start":{"line":65,"column":0},"end":{"line":76,"column":3}},"40":{"start":{"line":66,"column":2},"end":{"line":75,"column":3}},"41":{"start":{"line":67,"column":28},"end":{"line":71,"column":26}},"42":{"start":{"line":72,"column":4},"end":{"line":72,"column":28}},"43":{"start":{"line":74,"column":4},"end":{"line":74,"column":74}},"44":{"start":{"line":79,"column":0},"end":{"line":86,"column":3}},"45":{"start":{"line":80,"column":2},"end":{"line":85,"column":3}},"46":{"start":{"line":81,"column":4},"end":{"line":81,"column":140}},"47":{"start":{"line":82,"column":4},"end":{"line":82,"column":57}},"48":{"start":{"line":84,"column":4},"end":{"line":84,"column":74}},"49":{"start":{"line":89,"column":0},"end":{"line":96,"column":3}},"50":{"start":{"line":90,"column":2},"end":{"line":95,"column":3}},"51":{"start":{"line":91,"column":4},"end":{"line":91,"column":100}},"52":{"start":{"line":92,"column":4},"end":{"line":92,"column":62}},"53":{"start":{"line":94,"column":4},"end":{"line":94,"column":74}},"54":{"start":{"line":99,"column":25},"end":{"line":110,"column":1}},"55":{"start":{"line":100,"column":2},"end":{"line":109,"column":3}},"56":{"start":{"line":101,"column":4},"end":{"line":104,"column":6}},"57":{"start":{"line":105,"column":4},"end":{"line":105,"column":16}},"58":{"start":{"line":107,"column":4},"end":{"line":107,"column":55}},"59":{"start":{"line":108,"column":4},"end":{"line":108,"column":17}},"60":{"start":{"line":113,"column":0},"end":{"line":132,"column":3}},"61":{"start":{"line":114,"column":2},"end":{"line":116,"column":3}},"62":{"start":{"line":115,"column":4},"end":{"line":115,"column":85}},"63":{"start":{"line":118,"column":42},"end":{"line":118,"column":50}},"64":{"start":{"line":120,"column":2},"end":{"line":131,"column":3}},"65":{"start":{"line":121,"column":20},"end":{"line":121,"column":68}},"66":{"start":{"line":122,"column":20},"end":{"line":122,"column":79}},"67":{"start":{"line":124,"column":4},"end":{"line":128,"column":5}},"68":{"start":{"line":125,"column":6},"end":{"line":125,"column":66}},"69":{"start":{"line":127,"column":6},"end":{"line":127,"column":71}},"70":{"start":{"line":130,"column":4},"end":{"line":130,"column":74}},"71":{"start":{"line":135,"column":0},"end":{"line":174,"column":3}},"72":{"start":{"line":136,"column":2},"end":{"line":138,"column":3}},"73":{"start":{"line":137,"column":4},"end":{"line":137,"column":81}},"74":{"start":{"line":140,"column":2},"end":{"line":173,"column":3}},"75":{"start":{"line":141,"column":20},"end":{"line":141,"column":38}},"76":{"start":{"line":144,"column":21},"end":{"line":144,"column":101}},"77":{"start":{"line":145,"column":4},"end":{"line":147,"column":5}},"78":{"start":{"line":146,"column":6},"end":{"line":146,"column":66}},"79":{"start":{"line":149,"column":18},"end":{"line":149,"column":27}},"80":{"start":{"line":152,"column":25},"end":{"line":157,"column":17}},"81":{"start":{"line":160,"column":22},"end":{"line":160,"column":23}},"82":{"start":{"line":161,"column":4},"end":{"line":165,"column":5}},"83":{"start":{"line":162,"column":22},"end":{"line":162,"column":118}},"84":{"start":{"line":163,"column":6},"end":{"line":163,"column":75}},"85":{"start":{"line":164,"column":6},"end":{"line":164,"column":18}},"86":{"start":{"line":167,"column":4},"end":{"line":170,"column":7}},"87":{"start":{"line":172,"column":4},"end":{"line":172,"column":74}},"88":{"start":{"line":177,"column":0},"end":{"line":218,"column":3}},"89":{"start":{"line":178,"column":2},"end":{"line":180,"column":3}},"90":{"start":{"line":179,"column":4},"end":{"line":179,"column":79}},"91":{"start":{"line":182,"column":28},"end":{"line":182,"column":36}},"92":{"start":{"line":184,"column":2},"end":{"line":217,"column":3}},"93":{"start":{"line":185,"column":20},"end":{"line":185,"column":38}},"94":{"start":{"line":188,"column":21},"end":{"line":188,"column":89}},"95":{"start":{"line":189,"column":4},"end":{"line":191,"column":5}},"96":{"start":{"line":190,"column":6},"end":{"line":190,"column":66}},"97":{"start":{"line":193,"column":23},"end":{"line":193,"column":38}},"98":{"start":{"line":196,"column":25},"end":{"line":201,"column":17}},"99":{"start":{"line":204,"column":22},"end":{"line":204,"column":23}},"100":{"start":{"line":205,"column":4},"end":{"line":209,"column":5}},"101":{"start":{"line":206,"column":22},"end":{"line":206,"column":72}},"102":{"start":{"line":207,"column":6},"end":{"line":207,"column":73}},"103":{"start":{"line":208,"column":6},"end":{"line":208,"column":18}},"104":{"start":{"line":211,"column":4},"end":{"line":214,"column":7}},"105":{"start":{"line":216,"column":4},"end":{"line":216,"column":74}},"106":{"start":{"line":221,"column":0},"end":{"line":231,"column":3}},"107":{"start":{"line":222,"column":2},"end":{"line":230,"column":3}},"108":{"start":{"line":223,"column":21},"end":{"line":226,"column":5}},"109":{"start":{"line":227,"column":4},"end":{"line":227,"column":48}},"110":{"start":{"line":229,"column":4},"end":{"line":229,"column":74}},"111":{"start":{"line":234,"column":0},"end":{"line":244,"column":3}},"112":{"start":{"line":235,"column":2},"end":{"line":243,"column":3}},"113":{"start":{"line":236,"column":4},"end":{"line":239,"column":6}},"114":{"start":{"line":240,"column":4},"end":{"line":240,"column":50}},"115":{"start":{"line":242,"column":4},"end":{"line":242,"column":74}},"116":{"start":{"line":246,"column":0},"end":{"line":246,"column":24}}},"fnMap":{"0":{"name":"(anonymous_0)","decl":{"start":{"line":7,"column":25},"end":{"line":7,"column":26}},"loc":{"start":{"line":7,"column":45},"end":{"line":14,"column":1}},"line":7},"1":{"name":"(anonymous_1)","decl":{"start":{"line":16,"column":31},"end":{"line":16,"column":32}},"loc":{"start":{"line":16,"column":51},"end":{"line":24,"column":1}},"line":16},"2":{"name":"(anonymous_2)","decl":{"start":{"line":26,"column":26},"end":{"line":26,"column":27}},"loc":{"start":{"line":26,"column":46},"end":{"line":38,"column":1}},"line":26},"3":{"name":"(anonymous_3)","decl":{"start":{"line":40,"column":31},"end":{"line":40,"column":32}},"loc":{"start":{"line":40,"column":51},"end":{"line":52,"column":1}},"line":40},"4":{"name":"(anonymous_4)","decl":{"start":{"line":54,"column":34},"end":{"line":54,"column":35}},"loc":{"start":{"line":54,"column":54},"end":{"line":62,"column":1}},"line":54},"5":{"name":"(anonymous_5)","decl":{"start":{"line":65,"column":22},"end":{"line":65,"column":23}},"loc":{"start":{"line":65,"column":42},"end":{"line":76,"column":1}},"line":65},"6":{"name":"(anonymous_6)","decl":{"start":{"line":79,"column":30},"end":{"line":79,"column":31}},"loc":{"start":{"line":79,"column":50},"end":{"line":86,"column":1}},"line":79},"7":{"name":"(anonymous_7)","decl":{"start":{"line":89,"column":30},"end":{"line":89,"column":31}},"loc":{"start":{"line":89,"column":50},"end":{"line":96,"column":1}},"line":89},"8":{"name":"(anonymous_8)","decl":{"start":{"line":99,"column":25},"end":{"line":99,"column":26}},"loc":{"start":{"line":99,"column":70},"end":{"line":110,"column":1}},"line":99},"9":{"name":"(anonymous_9)","decl":{"start":{"line":113,"column":39},"end":{"line":113,"column":40}},"loc":{"start":{"line":113,"column":59},"end":{"line":132,"column":1}},"line":113},"10":{"name":"(anonymous_10)","decl":{"start":{"line":135,"column":46},"end":{"line":135,"column":47}},"loc":{"start":{"line":135,"column":66},"end":{"line":174,"column":1}},"line":135},"11":{"name":"(anonymous_11)","decl":{"start":{"line":177,"column":44},"end":{"line":177,"column":45}},"loc":{"start":{"line":177,"column":64},"end":{"line":218,"column":1}},"line":177},"12":{"name":"(anonymous_12)","decl":{"start":{"line":221,"column":34},"end":{"line":221,"column":35}},"loc":{"start":{"line":221,"column":54},"end":{"line":231,"column":1}},"line":221},"13":{"name":"(anonymous_13)","decl":{"start":{"line":234,"column":28},"end":{"line":234,"column":29}},"loc":{"start":{"line":234,"column":48},"end":{"line":244,"column":1}},"line":234}},"branchMap":{"0":{"loc":{"start":{"line":19,"column":4},"end":{"line":19,"column":103}},"type":"if","locations":[{"start":{"line":19,"column":4},"end":{"line":19,"column":103}},{"start":{},"end":{}}],"line":19},"1":{"loc":{"start":{"line":28,"column":2},"end":{"line":28,"column":97}},"type":"if","locations":[{"start":{"line":28,"column":2},"end":{"line":28,"column":97}},{"start":{},"end":{}}],"line":28},"2":{"loc":{"start":{"line":28,"column":6},"end":{"line":28,"column":27}},"type":"binary-expr","locations":[{"start":{"line":28,"column":6},"end":{"line":28,"column":15}},{"start":{"line":28,"column":19},"end":{"line":28,"column":27}}],"line":28},"3":{"loc":{"start":{"line":32,"column":26},"end":{"line":32,"column":43}},"type":"binary-expr","locations":[{"start":{"line":32,"column":26},"end":{"line":32,"column":30}},{"start":{"line":32,"column":34},"end":{"line":32,"column":43}}],"line":32},"4":{"loc":{"start":{"line":47,"column":4},"end":{"line":47,"column":102}},"type":"if","locations":[{"start":{"line":47,"column":4},"end":{"line":47,"column":102}},{"start":{},"end":{}}],"line":47},"5":{"loc":{"start":{"line":57,"column":4},"end":{"line":57,"column":102}},"type":"if","locations":[{"start":{"line":57,"column":4},"end":{"line":57,"column":102}},{"start":{},"end":{}}],"line":57},"6":{"loc":{"start":{"line":99,"column":49},"end":{"line":99,"column":65}},"type":"default-arg","locations":[{"start":{"line":99,"column":56},"end":{"line":99,"column":65}}],"line":99},"7":{"loc":{"start":{"line":114,"column":2},"end":{"line":116,"column":3}},"type":"if","locations":[{"start":{"line":114,"column":2},"end":{"line":116,"column":3}},{"start":{},"end":{}}],"line":114},"8":{"loc":{"start":{"line":124,"column":4},"end":{"line":128,"column":5}},"type":"if","locations":[{"start":{"line":124,"column":4},"end":{"line":128,"column":5}},{"start":{"line":126,"column":11},"end":{"line":128,"column":5}}],"line":124},"9":{"loc":{"start":{"line":136,"column":2},"end":{"line":138,"column":3}},"type":"if","locations":[{"start":{"line":136,"column":2},"end":{"line":138,"column":3}},{"start":{},"end":{}}],"line":136},"10":{"loc":{"start":{"line":145,"column":4},"end":{"line":147,"column":5}},"type":"if","locations":[{"start":{"line":145,"column":4},"end":{"line":147,"column":5}},{"start":{},"end":{}}],"line":145},"11":{"loc":{"start":{"line":178,"column":2},"end":{"line":180,"column":3}},"type":"if","locations":[{"start":{"line":178,"column":2},"end":{"line":180,"column":3}},{"start":{},"end":{}}],"line":178},"12":{"loc":{"start":{"line":189,"column":4},"end":{"line":191,"column":5}},"type":"if","locations":[{"start":{"line":189,"column":4},"end":{"line":191,"column":5}},{"start":{},"end":{}}],"line":189}},"s":{"0":1,"1":1,"2":1,"3":1,"4":1,"5":1,"6":1,"7":1,"8":0,"9":1,"10":1,"11":1,"12":1,"13":0,"14":1,"15":0,"16":1,"17":1,"18":1,"19":0,"20":1,"21":1,"22":1,"23":0,"24":1,"25":1,"26":1,"27":1,"28":1,"29":0,"30":1,"31":0,"32":1,"33":1,"34":1,"35":1,"36":0,"37":1,"38":0,"39":1,"40":1,"41":1,"42":1,"43":0,"44":1,"45":0,"46":0,"47":0,"48":0,"49":1,"50":0,"51":0,"52":0,"53":0,"54":1,"55":0,"56":0,"57":0,"58":0,"59":0,"60":1,"61":0,"62":0,"63":0,"64":0,"65":0,"66":0,"67":0,"68":0,"69":0,"70":0,"71":1,"72":0,"73":0,"74":0,"75":0,"76":0,"77":0,"78":0,"79":0,"80":0,"81":0,"82":0,"83":0,"84":0,"85":0,"86":0,"87":0,"88":1,"89":0,"90":0,"91":0,"92":0,"93":0,"94":0,"95":0,"96":0,"97":0,"98":0,"99":0,"100":0,"101":0,"102":0,"103":0,"104":0,"105":0,"106":1,"107":0,"108":0,"109":0,"110":0,"111":1,"112":0,"113":0,"114":0,"115":0,"116":1},"f":{"0":1,"1":1,"2":1,"3":1,"4":1,"5":1,"6":0,"7":0,"8":0,"9":0,"10":0,"11":0,"12":0,"13":0},"b":{"0":[0,1],"1":[0,1],"2":[1,1],"3":[1,1],"4":[0,1],"5":[0,1],"6":[0],"7":[0,0],"8":[0,0],"9":[0,0],"10":[0,0],"11":[0,0],"12":[0,0]},"_coverageSchema":"1a1c01bbd47fc00a2c39e90264f33305004495a9","hash":"dd2ae3bcfd1dacd50212db1afc786d24e6a60a25"}
,"C:\\Users\\X1 Carbon 8\\Downloads\\SOFTWARE_DESIGN_COSC_4353\\server\\routes\\users.js": {"path":"C:\\Users\\X1 Carbon 8\\Downloads\\SOFTWARE_DESIGN_COSC_4353\\server\\routes\\users.js","statementMap":{"0":{"start":{"line":1,"column":13},"end":{"line":1,"column":42}},"1":{"start":{"line":2,"column":16},"end":{"line":2,"column":34}},"2":{"start":{"line":3,"column":15},"end":{"line":3,"column":31}},"3":{"start":{"line":4,"column":13},"end":{"line":4,"column":29}},"4":{"start":{"line":5,"column":15},"end":{"line":5,"column":32}},"5":{"start":{"line":6,"column":12},"end":{"line":6,"column":35}},"6":{"start":{"line":9,"column":0},"end":{"line":28,"column":3}},"7":{"start":{"line":10,"column":85},"end":{"line":10,"column":93}},"8":{"start":{"line":11,"column":2},"end":{"line":13,"column":3}},"9":{"start":{"line":12,"column":4},"end":{"line":12,"column":72}},"10":{"start":{"line":14,"column":2},"end":{"line":27,"column":3}},"11":{"start":{"line":15,"column":23},"end":{"line":15,"column":87}},"12":{"start":{"line":16,"column":4},"end":{"line":18,"column":5}},"13":{"start":{"line":17,"column":6},"end":{"line":17,"column":75}},"14":{"start":{"line":19,"column":17},"end":{"line":19,"column":48}},"15":{"start":{"line":20,"column":21},"end":{"line":23,"column":5}},"16":{"start":{"line":24,"column":4},"end":{"line":24,"column":57}},"17":{"start":{"line":26,"column":4},"end":{"line":26,"column":74}},"18":{"start":{"line":31,"column":0},"end":{"line":51,"column":3}},"19":{"start":{"line":32,"column":30},"end":{"line":32,"column":38}},"20":{"start":{"line":33,"column":2},"end":{"line":35,"column":3}},"21":{"start":{"line":34,"column":4},"end":{"line":34,"column":74}},"22":{"start":{"line":36,"column":2},"end":{"line":50,"column":3}},"23":{"start":{"line":37,"column":20},"end":{"line":37,"column":84}},"24":{"start":{"line":38,"column":4},"end":{"line":40,"column":5}},"25":{"start":{"line":39,"column":6},"end":{"line":39,"column":70}},"26":{"start":{"line":41,"column":17},"end":{"line":41,"column":25}},"27":{"start":{"line":42,"column":18},"end":{"line":42,"column":68}},"28":{"start":{"line":43,"column":4},"end":{"line":45,"column":5}},"29":{"start":{"line":44,"column":6},"end":{"line":44,"column":70}},"30":{"start":{"line":46,"column":18},"end":{"line":46,"column":115}},"31":{"start":{"line":47,"column":4},"end":{"line":47,"column":110}},"32":{"start":{"line":49,"column":4},"end":{"line":49,"column":74}},"33":{"start":{"line":54,"column":25},"end":{"line":74,"column":1}},"34":{"start":{"line":55,"column":17},"end":{"line":55,"column":19}},"35":{"start":{"line":57,"column":2},"end":{"line":59,"column":3}},"36":{"start":{"line":58,"column":4},"end":{"line":58,"column":68}},"37":{"start":{"line":61,"column":2},"end":{"line":63,"column":3}},"38":{"start":{"line":62,"column":4},"end":{"line":62,"column":43}},"39":{"start":{"line":65,"column":2},"end":{"line":67,"column":3}},"40":{"start":{"line":66,"column":4},"end":{"line":66,"column":43}},"41":{"start":{"line":69,"column":2},"end":{"line":71,"column":3}},"42":{"start":{"line":70,"column":4},"end":{"line":70,"column":43}},"43":{"start":{"line":73,"column":2},"end":{"line":73,"column":16}},"44":{"start":{"line":77,"column":0},"end":{"line":103,"column":3}},"45":{"start":{"line":78,"column":2},"end":{"line":102,"column":3}},"46":{"start":{"line":79,"column":20},"end":{"line":87,"column":26}},"47":{"start":{"line":89,"column":4},"end":{"line":91,"column":5}},"48":{"start":{"line":90,"column":6},"end":{"line":90,"column":65}},"49":{"start":{"line":94,"column":21},"end":{"line":94,"column":104}},"50":{"start":{"line":96,"column":17},"end":{"line":96,"column":25}},"51":{"start":{"line":97,"column":4},"end":{"line":97,"column":48}},"52":{"start":{"line":97,"column":34},"end":{"line":97,"column":46}},"53":{"start":{"line":99,"column":4},"end":{"line":99,"column":19}},"54":{"start":{"line":101,"column":4},"end":{"line":101,"column":74}},"55":{"start":{"line":106,"column":0},"end":{"line":143,"column":3}},"56":{"start":{"line":107,"column":68},"end":{"line":107,"column":76}},"57":{"start":{"line":110,"column":17},"end":{"line":110,"column":65}},"58":{"start":{"line":111,"column":2},"end":{"line":113,"column":3}},"59":{"start":{"line":112,"column":4},"end":{"line":112,"column":74}},"60":{"start":{"line":115,"column":2},"end":{"line":142,"column":3}},"61":{"start":{"line":117,"column":4},"end":{"line":120,"column":6}},"62":{"start":{"line":123,"column":4},"end":{"line":129,"column":5}},"63":{"start":{"line":124,"column":6},"end":{"line":124,"column":88}},"64":{"start":{"line":125,"column":6},"end":{"line":128,"column":7}},"65":{"start":{"line":126,"column":8},"end":{"line":127,"column":37}},"66":{"start":{"line":132,"column":4},"end":{"line":137,"column":5}},"67":{"start":{"line":133,"column":6},"end":{"line":136,"column":8}},"68":{"start":{"line":139,"column":4},"end":{"line":139,"column":58}},"69":{"start":{"line":141,"column":4},"end":{"line":141,"column":74}},"70":{"start":{"line":146,"column":0},"end":{"line":156,"column":3}},"71":{"start":{"line":147,"column":2},"end":{"line":155,"column":3}},"72":{"start":{"line":148,"column":27},"end":{"line":151,"column":5}},"73":{"start":{"line":152,"column":4},"end":{"line":152,"column":27}},"74":{"start":{"line":154,"column":4},"end":{"line":154,"column":74}},"75":{"start":{"line":159,"column":0},"end":{"line":182,"column":3}},"76":{"start":{"line":160,"column":27},"end":{"line":160,"column":35}},"77":{"start":{"line":162,"column":2},"end":{"line":164,"column":3}},"78":{"start":{"line":163,"column":4},"end":{"line":163,"column":78}},"79":{"start":{"line":166,"column":2},"end":{"line":181,"column":3}},"80":{"start":{"line":168,"column":4},"end":{"line":168,"column":92}},"81":{"start":{"line":171,"column":4},"end":{"line":176,"column":5}},"82":{"start":{"line":172,"column":6},"end":{"line":175,"column":8}},"83":{"start":{"line":178,"column":4},"end":{"line":178,"column":50}},"84":{"start":{"line":180,"column":4},"end":{"line":180,"column":74}},"85":{"start":{"line":184,"column":0},"end":{"line":184,"column":24}}},"fnMap":{"0":{"name":"(anonymous_0)","decl":{"start":{"line":9,"column":25},"end":{"line":9,"column":26}},"loc":{"start":{"line":9,"column":45},"end":{"line":28,"column":1}},"line":9},"1":{"name":"(anonymous_1)","decl":{"start":{"line":31,"column":22},"end":{"line":31,"column":23}},"loc":{"start":{"line":31,"column":42},"end":{"line":51,"column":1}},"line":31},"2":{"name":"(anonymous_2)","decl":{"start":{"line":54,"column":25},"end":{"line":54,"column":26}},"loc":{"start":{"line":54,"column":35},"end":{"line":74,"column":1}},"line":54},"3":{"name":"(anonymous_3)","decl":{"start":{"line":77,"column":29},"end":{"line":77,"column":30}},"loc":{"start":{"line":77,"column":49},"end":{"line":103,"column":1}},"line":77},"4":{"name":"(anonymous_4)","decl":{"start":{"line":97,"column":29},"end":{"line":97,"column":30}},"loc":{"start":{"line":97,"column":34},"end":{"line":97,"column":46}},"line":97},"5":{"name":"(anonymous_5)","decl":{"start":{"line":106,"column":29},"end":{"line":106,"column":30}},"loc":{"start":{"line":106,"column":49},"end":{"line":143,"column":1}},"line":106},"6":{"name":"(anonymous_6)","decl":{"start":{"line":146,"column":34},"end":{"line":146,"column":35}},"loc":{"start":{"line":146,"column":54},"end":{"line":156,"column":1}},"line":146},"7":{"name":"(anonymous_7)","decl":{"start":{"line":159,"column":34},"end":{"line":159,"column":35}},"loc":{"start":{"line":159,"column":54},"end":{"line":182,"column":1}},"line":159}},"branchMap":{"0":{"loc":{"start":{"line":11,"column":2},"end":{"line":13,"column":3}},"type":"if","locations":[{"start":{"line":11,"column":2},"end":{"line":13,"column":3}},{"start":{},"end":{}}],"line":11},"1":{"loc":{"start":{"line":11,"column":6},"end":{"line":11,"column":92}},"type":"binary-expr","locations":[{"start":{"line":11,"column":6},"end":{"line":11,"column":11}},{"start":{"line":11,"column":15},"end":{"line":11,"column":21}},{"start":{"line":11,"column":25},"end":{"line":11,"column":34}},{"start":{"line":11,"column":38},"end":{"line":11,"column":43}},{"start":{"line":11,"column":47},"end":{"line":11,"column":66}},{"start":{"line":11,"column":70},"end":{"line":11,"column":92}}],"line":11},"2":{"loc":{"start":{"line":16,"column":4},"end":{"line":18,"column":5}},"type":"if","locations":[{"start":{"line":16,"column":4},"end":{"line":18,"column":5}},{"start":{},"end":{}}],"line":16},"3":{"loc":{"start":{"line":33,"column":2},"end":{"line":35,"column":3}},"type":"if","locations":[{"start":{"line":33,"column":2},"end":{"line":35,"column":3}},{"start":{},"end":{}}],"line":33},"4":{"loc":{"start":{"line":33,"column":6},"end":{"line":33,"column":25}},"type":"binary-expr","locations":[{"start":{"line":33,"column":6},"end":{"line":33,"column":12}},{"start":{"line":33,"column":16},"end":{"line":33,"column":25}}],"line":33},"5":{"loc":{"start":{"line":38,"column":4},"end":{"line":40,"column":5}},"type":"if","locations":[{"start":{"line":38,"column":4},"end":{"line":40,"column":5}},{"start":{},"end":{}}],"line":38},"6":{"loc":{"start":{"line":43,"column":4},"end":{"line":45,"column":5}},"type":"if","locations":[{"start":{"line":43,"column":4},"end":{"line":45,"column":5}},{"start":{},"end":{}}],"line":43},"7":{"loc":{"start":{"line":57,"column":2},"end":{"line":59,"column":3}},"type":"if","locations":[{"start":{"line":57,"column":2},"end":{"line":59,"column":3}},{"start":{},"end":{}}],"line":57},"8":{"loc":{"start":{"line":57,"column":6},"end":{"line":57,"column":41}},"type":"binary-expr","locations":[{"start":{"line":57,"column":6},"end":{"line":57,"column":16}},{"start":{"line":57,"column":20},"end":{"line":57,"column":41}}],"line":57},"9":{"loc":{"start":{"line":61,"column":2},"end":{"line":63,"column":3}},"type":"if","locations":[{"start":{"line":61,"column":2},"end":{"line":63,"column":3}},{"start":{},"end":{}}],"line":61},"10":{"loc":{"start":{"line":61,"column":6},"end":{"line":61,"column":67}},"type":"binary-expr","locations":[{"start":{"line":61,"column":6},"end":{"line":61,"column":17}},{"start":{"line":61,"column":21},"end":{"line":61,"column":67}}],"line":61},"11":{"loc":{"start":{"line":65,"column":2},"end":{"line":67,"column":3}},"type":"if","locations":[{"start":{"line":65,"column":2},"end":{"line":67,"column":3}},{"start":{},"end":{}}],"line":65},"12":{"loc":{"start":{"line":65,"column":6},"end":{"line":65,"column":67}},"type":"binary-expr","locations":[{"start":{"line":65,"column":6},"end":{"line":65,"column":16}},{"start":{"line":65,"column":20},"end":{"line":65,"column":67}}],"line":65},"13":{"loc":{"start":{"line":69,"column":2},"end":{"line":71,"column":3}},"type":"if","locations":[{"start":{"line":69,"column":2},"end":{"line":71,"column":3}},{"start":{},"end":{}}],"line":69},"14":{"loc":{"start":{"line":69,"column":6},"end":{"line":69,"column":48}},"type":"binary-expr","locations":[{"start":{"line":69,"column":6},"end":{"line":69,"column":17}},{"start":{"line":69,"column":21},"end":{"line":69,"column":48}}],"line":69},"15":{"loc":{"start":{"line":89,"column":4},"end":{"line":91,"column":5}},"type":"if","locations":[{"start":{"line":89,"column":4},"end":{"line":91,"column":5}},{"start":{},"end":{}}],"line":89},"16":{"loc":{"start":{"line":111,"column":2},"end":{"line":113,"column":3}},"type":"if","locations":[{"start":{"line":111,"column":2},"end":{"line":113,"column":3}},{"start":{},"end":{}}],"line":111},"17":{"loc":{"start":{"line":123,"column":4},"end":{"line":129,"column":5}},"type":"if","locations":[{"start":{"line":123,"column":4},"end":{"line":129,"column":5}},{"start":{},"end":{}}],"line":123},"18":{"loc":{"start":{"line":123,"column":8},"end":{"line":123,"column":39}},"type":"binary-expr","locations":[{"start":{"line":123,"column":8},"end":{"line":123,"column":14}},{"start":{"line":123,"column":18},"end":{"line":123,"column":39}}],"line":123},"19":{"loc":{"start":{"line":132,"column":4},"end":{"line":137,"column":5}},"type":"if","locations":[{"start":{"line":132,"column":4},"end":{"line":137,"column":5}},{"start":{},"end":{}}],"line":132},"20":{"loc":{"start":{"line":162,"column":2},"end":{"line":164,"column":3}},"type":"if","locations":[{"start":{"line":162,"column":2},"end":{"line":164,"column":3}},{"start":{},"end":{}}],"line":162}},"s":{"0":1,"1":1,"2":1,"3":1,"4":1,"5":1,"6":1,"7":3,"8":3,"9":1,"10":2,"11":2,"12":2,"13":1,"14":1,"15":1,"16":1,"17":0,"18":1,"19":3,"20":3,"21":1,"22":2,"23":2,"24":2,"25":1,"26":1,"27":1,"28":1,"29":0,"30":1,"31":1,"32":0,"33":1,"34":0,"35":0,"36":0,"37":0,"38":0,"39":0,"40":0,"41":0,"42":0,"43":0,"44":1,"45":0,"46":0,"47":0,"48":0,"49":0,"50":0,"51":0,"52":0,"53":0,"54":0,"55":1,"56":0,"57":0,"58":0,"59":0,"60":0,"61":0,"62":0,"63":0,"64":0,"65":0,"66":0,"67":0,"68":0,"69":0,"70":1,"71":0,"72":0,"73":0,"74":0,"75":1,"76":0,"77":0,"78":0,"79":0,"80":0,"81":0,"82":0,"83":0,"84":0,"85":1},"f":{"0":3,"1":3,"2":0,"3":0,"4":0,"5":0,"6":0,"7":0},"b":{"0":[1,2],"1":[3,3,3,2,2,2],"2":[1,1],"3":[1,2],"4":[3,3],"5":[1,1],"6":[0,1],"7":[0,0],"8":[0,0],"9":[0,0],"10":[0,0],"11":[0,0],"12":[0,0],"13":[0,0],"14":[0,0],"15":[0,0],"16":[0,0],"17":[0,0],"18":[0,0],"19":[0,0],"20":[0,0]},"_coverageSchema":"1a1c01bbd47fc00a2c39e90264f33305004495a9","hash":"0929b67eb1a60704199f53fc021362b68b947bff"}
,"C:\\Users\\X1 Carbon 8\\Downloads\\SOFTWARE_DESIGN_COSC_4353\\server\\routes\\vets.js": {"path":"C:\\Users\\X1 Carbon 8\\Downloads\\SOFTWARE_DESIGN_COSC_4353\\server\\routes\\vets.js","statementMap":{"0":{"start":{"line":1,"column":16},"end":{"line":1,"column":34}},"1":{"start":{"line":2,"column":15},"end":{"line":2,"column":31}},"2":{"start":{"line":3,"column":13},"end":{"line":3,"column":29}},"3":{"start":{"line":4,"column":13},"end":{"line":4,"column":42}},"4":{"start":{"line":5,"column":19},"end":{"line":5,"column":48}},"5":{"start":{"line":9,"column":0},"end":{"line":16,"column":3}},"6":{"start":{"line":10,"column":2},"end":{"line":15,"column":3}},"7":{"start":{"line":11,"column":19},"end":{"line":11,"column":91}},"8":{"start":{"line":12,"column":4},"end":{"line":12,"column":19}},"9":{"start":{"line":14,"column":4},"end":{"line":14,"column":74}},"10":{"start":{"line":18,"column":0},"end":{"line":26,"column":3}},"11":{"start":{"line":19,"column":2},"end":{"line":25,"column":3}},"12":{"start":{"line":20,"column":19},"end":{"line":20,"column":122}},"13":{"start":{"line":21,"column":4},"end":{"line":21,"column":85}},"14":{"start":{"line":21,"column":27},"end":{"line":21,"column":85}},"15":{"start":{"line":22,"column":4},"end":{"line":22,"column":22}},"16":{"start":{"line":24,"column":4},"end":{"line":24,"column":74}},"17":{"start":{"line":28,"column":0},"end":{"line":41,"column":3}},"18":{"start":{"line":29,"column":79},"end":{"line":29,"column":87}},"19":{"start":{"line":30,"column":2},"end":{"line":30,"column":104}},"20":{"start":{"line":30,"column":36},"end":{"line":30,"column":104}},"21":{"start":{"line":31,"column":2},"end":{"line":40,"column":3}},"22":{"start":{"line":33,"column":21},"end":{"line":36,"column":5}},"23":{"start":{"line":37,"column":4},"end":{"line":37,"column":74}},"24":{"start":{"line":39,"column":4},"end":{"line":39,"column":74}},"25":{"start":{"line":43,"column":0},"end":{"line":55,"column":3}},"26":{"start":{"line":44,"column":69},"end":{"line":44,"column":77}},"27":{"start":{"line":45,"column":2},"end":{"line":54,"column":3}},"28":{"start":{"line":46,"column":21},"end":{"line":49,"column":5}},"29":{"start":{"line":50,"column":4},"end":{"line":50,"column":93}},"30":{"start":{"line":50,"column":35},"end":{"line":50,"column":93}},"31":{"start":{"line":51,"column":4},"end":{"line":51,"column":41}},"32":{"start":{"line":53,"column":4},"end":{"line":53,"column":74}},"33":{"start":{"line":57,"column":0},"end":{"line":65,"column":3}},"34":{"start":{"line":58,"column":2},"end":{"line":64,"column":3}},"35":{"start":{"line":59,"column":21},"end":{"line":59,"column":118}},"36":{"start":{"line":60,"column":4},"end":{"line":60,"column":93}},"37":{"start":{"line":60,"column":35},"end":{"line":60,"column":93}},"38":{"start":{"line":61,"column":4},"end":{"line":61,"column":41}},"39":{"start":{"line":63,"column":4},"end":{"line":63,"column":74}},"40":{"start":{"line":69,"column":0},"end":{"line":92,"column":3}},"41":{"start":{"line":70,"column":68},"end":{"line":70,"column":76}},"42":{"start":{"line":72,"column":2},"end":{"line":74,"column":3}},"43":{"start":{"line":73,"column":4},"end":{"line":73,"column":72}},"44":{"start":{"line":76,"column":2},"end":{"line":91,"column":3}},"45":{"start":{"line":78,"column":19},"end":{"line":78,"column":91}},"46":{"start":{"line":79,"column":19},"end":{"line":79,"column":43}},"47":{"start":{"line":81,"column":4},"end":{"line":86,"column":6}},"48":{"start":{"line":88,"column":4},"end":{"line":88,"column":75}},"49":{"start":{"line":90,"column":4},"end":{"line":90,"column":74}},"50":{"start":{"line":96,"column":0},"end":{"line":109,"column":3}},"51":{"start":{"line":97,"column":20},"end":{"line":97,"column":40}},"52":{"start":{"line":99,"column":2},"end":{"line":108,"column":3}},"53":{"start":{"line":100,"column":22},"end":{"line":103,"column":5}},"54":{"start":{"line":105,"column":4},"end":{"line":105,"column":34}},"55":{"start":{"line":107,"column":4},"end":{"line":107,"column":74}},"56":{"start":{"line":113,"column":0},"end":{"line":132,"column":3}},"57":{"start":{"line":114,"column":20},"end":{"line":114,"column":40}},"58":{"start":{"line":116,"column":2},"end":{"line":131,"column":3}},"59":{"start":{"line":117,"column":21},"end":{"line":122,"column":5}},"60":{"start":{"line":124,"column":4},"end":{"line":126,"column":5}},"61":{"start":{"line":125,"column":6},"end":{"line":125,"column":67}},"62":{"start":{"line":128,"column":4},"end":{"line":128,"column":81}},"63":{"start":{"line":130,"column":4},"end":{"line":130,"column":74}},"64":{"start":{"line":134,"column":0},"end":{"line":134,"column":24}}},"fnMap":{"0":{"name":"(anonymous_0)","decl":{"start":{"line":9,"column":45},"end":{"line":9,"column":46}},"loc":{"start":{"line":9,"column":65},"end":{"line":16,"column":1}},"line":9},"1":{"name":"(anonymous_1)","decl":{"start":{"line":18,"column":48},"end":{"line":18,"column":49}},"loc":{"start":{"line":18,"column":68},"end":{"line":26,"column":1}},"line":18},"2":{"name":"(anonymous_2)","decl":{"start":{"line":28,"column":46},"end":{"line":28,"column":47}},"loc":{"start":{"line":28,"column":66},"end":{"line":41,"column":1}},"line":28},"3":{"name":"(anonymous_3)","decl":{"start":{"line":43,"column":48},"end":{"line":43,"column":49}},"loc":{"start":{"line":43,"column":68},"end":{"line":55,"column":1}},"line":43},"4":{"name":"(anonymous_4)","decl":{"start":{"line":57,"column":51},"end":{"line":57,"column":52}},"loc":{"start":{"line":57,"column":71},"end":{"line":65,"column":1}},"line":57},"5":{"name":"(anonymous_5)","decl":{"start":{"line":69,"column":65},"end":{"line":69,"column":66}},"loc":{"start":{"line":69,"column":85},"end":{"line":92,"column":1}},"line":69},"6":{"name":"(anonymous_6)","decl":{"start":{"line":96,"column":76},"end":{"line":96,"column":77}},"loc":{"start":{"line":96,"column":96},"end":{"line":109,"column":1}},"line":96},"7":{"name":"(anonymous_7)","decl":{"start":{"line":113,"column":73},"end":{"line":113,"column":74}},"loc":{"start":{"line":113,"column":93},"end":{"line":132,"column":1}},"line":113}},"branchMap":{"0":{"loc":{"start":{"line":21,"column":4},"end":{"line":21,"column":85}},"type":"if","locations":[{"start":{"line":21,"column":4},"end":{"line":21,"column":85}},{"start":{},"end":{}}],"line":21},"1":{"loc":{"start":{"line":30,"column":2},"end":{"line":30,"column":104}},"type":"if","locations":[{"start":{"line":30,"column":2},"end":{"line":30,"column":104}},{"start":{},"end":{}}],"line":30},"2":{"loc":{"start":{"line":30,"column":6},"end":{"line":30,"column":34}},"type":"binary-expr","locations":[{"start":{"line":30,"column":6},"end":{"line":30,"column":11}},{"start":{"line":30,"column":15},"end":{"line":30,"column":21}},{"start":{"line":30,"column":25},"end":{"line":30,"column":34}}],"line":30},"3":{"loc":{"start":{"line":50,"column":4},"end":{"line":50,"column":93}},"type":"if","locations":[{"start":{"line":50,"column":4},"end":{"line":50,"column":93}},{"start":{},"end":{}}],"line":50},"4":{"loc":{"start":{"line":60,"column":4},"end":{"line":60,"column":93}},"type":"if","locations":[{"start":{"line":60,"column":4},"end":{"line":60,"column":93}},{"start":{},"end":{}}],"line":60},"5":{"loc":{"start":{"line":72,"column":2},"end":{"line":74,"column":3}},"type":"if","locations":[{"start":{"line":72,"column":2},"end":{"line":74,"column":3}},{"start":{},"end":{}}],"line":72},"6":{"loc":{"start":{"line":72,"column":6},"end":{"line":72,"column":72}},"type":"binary-expr","locations":[{"start":{"line":72,"column":6},"end":{"line":72,"column":18}},{"start":{"line":72,"column":22},"end":{"line":72,"column":34}},{"start":{"line":72,"column":38},"end":{"line":72,"column":49}},{"start":{"line":72,"column":53},"end":{"line":72,"column":58}},{"start":{"line":72,"column":62},"end":{"line":72,"column":72}}],"line":72},"7":{"loc":{"start":{"line":79,"column":20},"end":{"line":79,"column":38}},"type":"binary-expr","locations":[{"start":{"line":79,"column":20},"end":{"line":79,"column":33}},{"start":{"line":79,"column":37},"end":{"line":79,"column":38}}],"line":79},"8":{"loc":{"start":{"line":124,"column":4},"end":{"line":126,"column":5}},"type":"if","locations":[{"start":{"line":124,"column":4},"end":{"line":126,"column":5}},{"start":{},"end":{}}],"line":124}},"s":{"0":1,"1":1,"2":1,"3":1,"4":1,"5":1,"6":1,"7":1,"8":1,"9":0,"10":1,"11":1,"12":1,"13":1,"14":0,"15":1,"16":0,"17":1,"18":1,"19":1,"20":0,"21":1,"22":1,"23":1,"24":0,"25":1,"26":1,"27":1,"28":1,"29":1,"30":0,"31":1,"32":0,"33":1,"34":1,"35":1,"36":1,"37":0,"38":1,"39":0,"40":1,"41":1,"42":1,"43":0,"44":1,"45":1,"46":1,"47":1,"48":1,"49":0,"50":1,"51":0,"52":0,"53":0,"54":0,"55":0,"56":1,"57":0,"58":0,"59":0,"60":0,"61":0,"62":0,"63":0,"64":1},"f":{"0":1,"1":1,"2":1,"3":1,"4":1,"5":1,"6":0,"7":0},"b":{"0":[0,1],"1":[0,1],"2":[1,1,1],"3":[0,1],"4":[0,1],"5":[0,1],"6":[1,1,1,1,1],"7":[1,0],"8":[0,0]},"_coverageSchema":"1a1c01bbd47fc00a2c39e90264f33305004495a9","hash":"e9dfe455c5088152508585f62ffb0c14c3980004"}
,"C:\\Users\\X1 Carbon 8\\Downloads\\SOFTWARE_DESIGN_COSC_4353\\server\\routes\\volunteers.js": {"path":"C:\\Users\\X1 Carbon 8\\Downloads\\SOFTWARE_DESIGN_COSC_4353\\server\\routes\\volunteers.js","statementMap":{"0":{"start":{"line":1,"column":16},"end":{"line":1,"column":34}},"1":{"start":{"line":2,"column":15},"end":{"line":2,"column":31}},"2":{"start":{"line":3,"column":13},"end":{"line":3,"column":29}},"3":{"start":{"line":4,"column":13},"end":{"line":4,"column":42}},"4":{"start":{"line":7,"column":0},"end":{"line":14,"column":3}},"5":{"start":{"line":8,"column":2},"end":{"line":13,"column":3}},"6":{"start":{"line":9,"column":25},"end":{"line":9,"column":94}},"7":{"start":{"line":10,"column":4},"end":{"line":10,"column":25}},"8":{"start":{"line":12,"column":4},"end":{"line":12,"column":74}},"9":{"start":{"line":16,"column":0},"end":{"line":24,"column":3}},"10":{"start":{"line":17,"column":2},"end":{"line":23,"column":3}},"11":{"start":{"line":18,"column":25},"end":{"line":18,"column":125}},"12":{"start":{"line":19,"column":4},"end":{"line":19,"column":97}},"13":{"start":{"line":19,"column":33},"end":{"line":19,"column":97}},"14":{"start":{"line":20,"column":4},"end":{"line":20,"column":28}},"15":{"start":{"line":22,"column":4},"end":{"line":22,"column":74}},"16":{"start":{"line":26,"column":0},"end":{"line":39,"column":3}},"17":{"start":{"line":27,"column":79},"end":{"line":27,"column":87}},"18":{"start":{"line":28,"column":2},"end":{"line":28,"column":104}},"19":{"start":{"line":28,"column":36},"end":{"line":28,"column":104}},"20":{"start":{"line":29,"column":2},"end":{"line":38,"column":3}},"21":{"start":{"line":31,"column":21},"end":{"line":34,"column":5}},"22":{"start":{"line":35,"column":4},"end":{"line":35,"column":80}},"23":{"start":{"line":37,"column":4},"end":{"line":37,"column":74}},"24":{"start":{"line":41,"column":0},"end":{"line":53,"column":3}},"25":{"start":{"line":42,"column":69},"end":{"line":42,"column":77}},"26":{"start":{"line":43,"column":2},"end":{"line":52,"column":3}},"27":{"start":{"line":44,"column":21},"end":{"line":47,"column":5}},"28":{"start":{"line":48,"column":4},"end":{"line":48,"column":99}},"29":{"start":{"line":48,"column":35},"end":{"line":48,"column":99}},"30":{"start":{"line":49,"column":4},"end":{"line":49,"column":47}},"31":{"start":{"line":51,"column":4},"end":{"line":51,"column":74}},"32":{"start":{"line":55,"column":0},"end":{"line":63,"column":3}},"33":{"start":{"line":56,"column":2},"end":{"line":62,"column":3}},"34":{"start":{"line":57,"column":21},"end":{"line":57,"column":115}},"35":{"start":{"line":58,"column":4},"end":{"line":58,"column":99}},"36":{"start":{"line":58,"column":35},"end":{"line":58,"column":99}},"37":{"start":{"line":59,"column":4},"end":{"line":59,"column":47}},"38":{"start":{"line":61,"column":4},"end":{"line":61,"column":74}},"39":{"start":{"line":66,"column":0},"end":{"line":77,"column":3}},"40":{"start":{"line":67,"column":85},"end":{"line":67,"column":93}},"41":{"start":{"line":68,"column":2},"end":{"line":76,"column":3}},"42":{"start":{"line":69,"column":21},"end":{"line":72,"column":5}},"43":{"start":{"line":73,"column":4},"end":{"line":73,"column":94}},"44":{"start":{"line":75,"column":4},"end":{"line":75,"column":74}},"45":{"start":{"line":80,"column":0},"end":{"line":92,"column":3}},"46":{"start":{"line":81,"column":2},"end":{"line":81,"column":89}},"47":{"start":{"line":81,"column":35},"end":{"line":81,"column":89}},"48":{"start":{"line":82,"column":71},"end":{"line":82,"column":79}},"49":{"start":{"line":83,"column":2},"end":{"line":91,"column":3}},"50":{"start":{"line":84,"column":21},"end":{"line":87,"column":5}},"51":{"start":{"line":88,"column":4},"end":{"line":88,"column":76}},"52":{"start":{"line":90,"column":4},"end":{"line":90,"column":74}},"53":{"start":{"line":95,"column":0},"end":{"line":102,"column":3}},"54":{"start":{"line":96,"column":2},"end":{"line":101,"column":3}},"55":{"start":{"line":97,"column":20},"end":{"line":97,"column":113}},"56":{"start":{"line":98,"column":4},"end":{"line":98,"column":20}},"57":{"start":{"line":100,"column":4},"end":{"line":100,"column":74}},"58":{"start":{"line":105,"column":0},"end":{"line":113,"column":3}},"59":{"start":{"line":106,"column":2},"end":{"line":106,"column":89}},"60":{"start":{"line":106,"column":35},"end":{"line":106,"column":89}},"61":{"start":{"line":107,"column":2},"end":{"line":112,"column":3}},"62":{"start":{"line":108,"column":19},"end":{"line":108,"column":71}},"63":{"start":{"line":109,"column":4},"end":{"line":109,"column":19}},"64":{"start":{"line":111,"column":4},"end":{"line":111,"column":74}},"65":{"start":{"line":116,"column":0},"end":{"line":197,"column":3}},"66":{"start":{"line":117,"column":2},"end":{"line":196,"column":3}},"67":{"start":{"line":118,"column":20},"end":{"line":118,"column":38}},"68":{"start":{"line":121,"column":21},"end":{"line":127,"column":17}},"69":{"start":{"line":129,"column":4},"end":{"line":131,"column":5}},"70":{"start":{"line":130,"column":6},"end":{"line":130,"column":66}},"71":{"start":{"line":133,"column":18},"end":{"line":133,"column":27}},"72":{"start":{"line":134,"column":27},"end":{"line":134,"column":88}},"73":{"start":{"line":137,"column":26},"end":{"line":148,"column":5}},"74":{"start":{"line":150,"column":25},"end":{"line":150,"column":76}},"75":{"start":{"line":153,"column":39},"end":{"line":153,"column":41}},"76":{"start":{"line":154,"column":4},"end":{"line":171,"column":5}},"77":{"start":{"line":155,"column":29},"end":{"line":161,"column":65}},"78":{"start":{"line":163,"column":6},"end":{"line":168,"column":7}},"79":{"start":{"line":164,"column":8},"end":{"line":164,"column":35}},"80":{"start":{"line":165,"column":8},"end":{"line":165,"column":49}},"81":{"start":{"line":167,"column":8},"end":{"line":167,"column":36}},"82":{"start":{"line":170,"column":6},"end":{"line":170,"column":49}},"83":{"start":{"line":174,"column":30},"end":{"line":181,"column":62}},"84":{"start":{"line":175,"column":19},"end":{"line":175,"column":30}},"85":{"start":{"line":176,"column":17},"end":{"line":180,"column":7}},"86":{"start":{"line":181,"column":22},"end":{"line":181,"column":61}},"87":{"start":{"line":183,"column":4},"end":{"line":193,"column":7}},"88":{"start":{"line":195,"column":4},"end":{"line":195,"column":74}},"89":{"start":{"line":200,"column":0},"end":{"line":248,"column":3}},"90":{"start":{"line":201,"column":2},"end":{"line":203,"column":3}},"91":{"start":{"line":202,"column":4},"end":{"line":202,"column":84}},"92":{"start":{"line":205,"column":2},"end":{"line":247,"column":3}},"93":{"start":{"line":206,"column":20},"end":{"line":206,"column":38}},"94":{"start":{"line":207,"column":29},"end":{"line":207,"column":37}},"95":{"start":{"line":209,"column":4},"end":{"line":211,"column":5}},"96":{"start":{"line":210,"column":6},"end":{"line":210,"column":81}},"97":{"start":{"line":214,"column":20},"end":{"line":217,"column":5}},"98":{"start":{"line":219,"column":4},"end":{"line":221,"column":5}},"99":{"start":{"line":220,"column":6},"end":{"line":220,"column":85}},"100":{"start":{"line":224,"column":24},"end":{"line":224,"column":26}},"101":{"start":{"line":225,"column":4},"end":{"line":238,"column":5}},"102":{"start":{"line":226,"column":6},"end":{"line":229,"column":8}},"103":{"start":{"line":232,"column":6},"end":{"line":235,"column":8}},"104":{"start":{"line":237,"column":6},"end":{"line":237,"column":36}},"105":{"start":{"line":240,"column":4},"end":{"line":244,"column":7}},"106":{"start":{"line":246,"column":4},"end":{"line":246,"column":74}},"107":{"start":{"line":251,"column":0},"end":{"line":326,"column":3}},"108":{"start":{"line":252,"column":2},"end":{"line":325,"column":3}},"109":{"start":{"line":253,"column":20},"end":{"line":253,"column":38}},"110":{"start":{"line":256,"column":21},"end":{"line":262,"column":17}},"111":{"start":{"line":264,"column":4},"end":{"line":266,"column":5}},"112":{"start":{"line":265,"column":6},"end":{"line":265,"column":66}},"113":{"start":{"line":268,"column":18},"end":{"line":268,"column":27}},"114":{"start":{"line":269,"column":27},"end":{"line":269,"column":88}},"115":{"start":{"line":272,"column":25},"end":{"line":281,"column":6}},"116":{"start":{"line":284,"column":28},"end":{"line":312,"column":56}},"117":{"start":{"line":285,"column":30},"end":{"line":285,"column":81}},"118":{"start":{"line":286,"column":28},"end":{"line":286,"column":107}},"119":{"start":{"line":289,"column":29},"end":{"line":289,"column":92}},"120":{"start":{"line":289,"column":61},"end":{"line":289,"column":91}},"121":{"start":{"line":290,"column":35},"end":{"line":291,"column":65}},"122":{"start":{"line":294,"column":23},"end":{"line":294,"column":52}},"123":{"start":{"line":295,"column":24},"end":{"line":295,"column":56}},"124":{"start":{"line":298,"column":27},"end":{"line":298,"column":76}},"125":{"start":{"line":300,"column":6},"end":{"line":310,"column":8}},"126":{"start":{"line":311,"column":19},"end":{"line":311,"column":38}},"127":{"start":{"line":312,"column":22},"end":{"line":312,"column":55}},"128":{"start":{"line":314,"column":4},"end":{"line":322,"column":7}},"129":{"start":{"line":324,"column":4},"end":{"line":324,"column":74}},"130":{"start":{"line":329,"column":0},"end":{"line":373,"column":3}},"131":{"start":{"line":330,"column":2},"end":{"line":372,"column":3}},"132":{"start":{"line":331,"column":19},"end":{"line":331,"column":36}},"133":{"start":{"line":334,"column":4},"end":{"line":336,"column":5}},"134":{"start":{"line":335,"column":6},"end":{"line":335,"column":86}},"135":{"start":{"line":339,"column":22},"end":{"line":352,"column":16}},"136":{"start":{"line":355,"column":24},"end":{"line":355,"column":38}},"137":{"start":{"line":356,"column":23},"end":{"line":359,"column":9}},"138":{"start":{"line":358,"column":6},"end":{"line":358,"column":21}},"139":{"start":{"line":361,"column":23},"end":{"line":361,"column":72}},"140":{"start":{"line":361,"column":56},"end":{"line":361,"column":69}},"141":{"start":{"line":363,"column":4},"end":{"line":369,"column":7}},"142":{"start":{"line":371,"column":4},"end":{"line":371,"column":74}},"143":{"start":{"line":376,"column":0},"end":{"line":428,"column":3}},"144":{"start":{"line":377,"column":2},"end":{"line":379,"column":3}},"145":{"start":{"line":378,"column":4},"end":{"line":378,"column":91}},"146":{"start":{"line":381,"column":2},"end":{"line":427,"column":3}},"147":{"start":{"line":382,"column":19},"end":{"line":382,"column":36}},"148":{"start":{"line":385,"column":21},"end":{"line":393,"column":16}},"149":{"start":{"line":396,"column":21},"end":{"line":400,"column":16}},"150":{"start":{"line":403,"column":24},"end":{"line":403,"column":37}},"151":{"start":{"line":404,"column":27},"end":{"line":404,"column":88}},"152":{"start":{"line":404,"column":46},"end":{"line":404,"column":80}},"153":{"start":{"line":405,"column":33},"end":{"line":405,"column":101}},"154":{"start":{"line":405,"column":52},"end":{"line":405,"column":93}},"155":{"start":{"line":407,"column":29},"end":{"line":410,"column":10}},"156":{"start":{"line":408,"column":6},"end":{"line":408,"column":57}},"157":{"start":{"line":409,"column":6},"end":{"line":409,"column":17}},"158":{"start":{"line":413,"column":29},"end":{"line":413,"column":99}},"159":{"start":{"line":415,"column":4},"end":{"line":424,"column":7}},"160":{"start":{"line":426,"column":4},"end":{"line":426,"column":74}},"161":{"start":{"line":431,"column":0},"end":{"line":481,"column":3}},"162":{"start":{"line":432,"column":2},"end":{"line":434,"column":3}},"163":{"start":{"line":433,"column":4},"end":{"line":433,"column":82}},"164":{"start":{"line":436,"column":2},"end":{"line":480,"column":3}},"165":{"start":{"line":438,"column":29},"end":{"line":440,"column":5}},"166":{"start":{"line":443,"column":31},"end":{"line":448,"column":6}},"167":{"start":{"line":451,"column":28},"end":{"line":455,"column":6}},"168":{"start":{"line":458,"column":28},"end":{"line":470,"column":6}},"169":{"start":{"line":472,"column":4},"end":{"line":477,"column":7}},"170":{"start":{"line":479,"column":4},"end":{"line":479,"column":74}},"171":{"start":{"line":484,"column":0},"end":{"line":516,"column":3}},"172":{"start":{"line":485,"column":2},"end":{"line":487,"column":3}},"173":{"start":{"line":486,"column":4},"end":{"line":486,"column":81}},"174":{"start":{"line":489,"column":2},"end":{"line":515,"column":3}},"175":{"start":{"line":490,"column":19},"end":{"line":490,"column":36}},"176":{"start":{"line":492,"column":22},"end":{"line":500,"column":16}},"177":{"start":{"line":503,"column":23},"end":{"line":503,"column":101}},"178":{"start":{"line":504,"column":20},"end":{"line":506,"column":16}},"179":{"start":{"line":505,"column":6},"end":{"line":505,"column":153}},"180":{"start":{"line":508,"column":23},"end":{"line":508,"column":43}},"181":{"start":{"line":510,"column":4},"end":{"line":510,"column":46}},"182":{"start":{"line":511,"column":4},"end":{"line":511,"column":99}},"183":{"start":{"line":512,"column":4},"end":{"line":512,"column":25}},"184":{"start":{"line":514,"column":4},"end":{"line":514,"column":74}},"185":{"start":{"line":518,"column":0},"end":{"line":518,"column":24}}},"fnMap":{"0":{"name":"(anonymous_0)","decl":{"start":{"line":7,"column":22},"end":{"line":7,"column":23}},"loc":{"start":{"line":7,"column":42},"end":{"line":14,"column":1}},"line":7},"1":{"name":"(anonymous_1)","decl":{"start":{"line":16,"column":25},"end":{"line":16,"column":26}},"loc":{"start":{"line":16,"column":45},"end":{"line":24,"column":1}},"line":16},"2":{"name":"(anonymous_2)","decl":{"start":{"line":26,"column":23},"end":{"line":26,"column":24}},"loc":{"start":{"line":26,"column":43},"end":{"line":39,"column":1}},"line":26},"3":{"name":"(anonymous_3)","decl":{"start":{"line":41,"column":25},"end":{"line":41,"column":26}},"loc":{"start":{"line":41,"column":45},"end":{"line":53,"column":1}},"line":41},"4":{"name":"(anonymous_4)","decl":{"start":{"line":55,"column":28},"end":{"line":55,"column":29}},"loc":{"start":{"line":55,"column":48},"end":{"line":63,"column":1}},"line":55},"5":{"name":"(anonymous_5)","decl":{"start":{"line":66,"column":28},"end":{"line":66,"column":29}},"loc":{"start":{"line":66,"column":48},"end":{"line":77,"column":1}},"line":66},"6":{"name":"(anonymous_6)","decl":{"start":{"line":80,"column":28},"end":{"line":80,"column":29}},"loc":{"start":{"line":80,"column":48},"end":{"line":92,"column":1}},"line":80},"7":{"name":"(anonymous_7)","decl":{"start":{"line":95,"column":30},"end":{"line":95,"column":31}},"loc":{"start":{"line":95,"column":50},"end":{"line":102,"column":1}},"line":95},"8":{"name":"(anonymous_8)","decl":{"start":{"line":105,"column":34},"end":{"line":105,"column":35}},"loc":{"start":{"line":105,"column":54},"end":{"line":113,"column":1}},"line":105},"9":{"name":"(anonymous_9)","decl":{"start":{"line":116,"column":36},"end":{"line":116,"column":37}},"loc":{"start":{"line":116,"column":56},"end":{"line":197,"column":1}},"line":116},"10":{"name":"(anonymous_10)","decl":{"start":{"line":175,"column":14},"end":{"line":175,"column":15}},"loc":{"start":{"line":175,"column":19},"end":{"line":175,"column":30}},"line":175},"11":{"name":"(anonymous_11)","decl":{"start":{"line":176,"column":11},"end":{"line":176,"column":12}},"loc":{"start":{"line":176,"column":17},"end":{"line":180,"column":7}},"line":176},"12":{"name":"(anonymous_12)","decl":{"start":{"line":181,"column":12},"end":{"line":181,"column":13}},"loc":{"start":{"line":181,"column":22},"end":{"line":181,"column":61}},"line":181},"13":{"name":"(anonymous_13)","decl":{"start":{"line":200,"column":38},"end":{"line":200,"column":39}},"loc":{"start":{"line":200,"column":58},"end":{"line":248,"column":1}},"line":200},"14":{"name":"(anonymous_14)","decl":{"start":{"line":251,"column":46},"end":{"line":251,"column":47}},"loc":{"start":{"line":251,"column":66},"end":{"line":326,"column":1}},"line":251},"15":{"name":"(anonymous_15)","decl":{"start":{"line":284,"column":43},"end":{"line":284,"column":44}},"loc":{"start":{"line":284,"column":56},"end":{"line":311,"column":5}},"line":284},"16":{"name":"(anonymous_16)","decl":{"start":{"line":289,"column":52},"end":{"line":289,"column":53}},"loc":{"start":{"line":289,"column":61},"end":{"line":289,"column":91}},"line":289},"17":{"name":"(anonymous_17)","decl":{"start":{"line":311,"column":14},"end":{"line":311,"column":15}},"loc":{"start":{"line":311,"column":19},"end":{"line":311,"column":38}},"line":311},"18":{"name":"(anonymous_18)","decl":{"start":{"line":312,"column":12},"end":{"line":312,"column":13}},"loc":{"start":{"line":312,"column":22},"end":{"line":312,"column":55}},"line":312},"19":{"name":"(anonymous_19)","decl":{"start":{"line":329,"column":37},"end":{"line":329,"column":38}},"loc":{"start":{"line":329,"column":57},"end":{"line":373,"column":1}},"line":329},"20":{"name":"(anonymous_20)","decl":{"start":{"line":356,"column":38},"end":{"line":356,"column":39}},"loc":{"start":{"line":356,"column":54},"end":{"line":359,"column":5}},"line":356},"21":{"name":"(anonymous_21)","decl":{"start":{"line":361,"column":47},"end":{"line":361,"column":48}},"loc":{"start":{"line":361,"column":56},"end":{"line":361,"column":69}},"line":361},"22":{"name":"(anonymous_22)","decl":{"start":{"line":376,"column":41},"end":{"line":376,"column":42}},"loc":{"start":{"line":376,"column":61},"end":{"line":428,"column":1}},"line":376},"23":{"name":"(anonymous_23)","decl":{"start":{"line":404,"column":41},"end":{"line":404,"column":42}},"loc":{"start":{"line":404,"column":46},"end":{"line":404,"column":80}},"line":404},"24":{"name":"(anonymous_24)","decl":{"start":{"line":405,"column":47},"end":{"line":405,"column":48}},"loc":{"start":{"line":405,"column":52},"end":{"line":405,"column":93}},"line":405},"25":{"name":"(anonymous_25)","decl":{"start":{"line":407,"column":43},"end":{"line":407,"column":44}},"loc":{"start":{"line":407,"column":59},"end":{"line":410,"column":5}},"line":407},"26":{"name":"(anonymous_26)","decl":{"start":{"line":431,"column":32},"end":{"line":431,"column":33}},"loc":{"start":{"line":431,"column":52},"end":{"line":481,"column":1}},"line":431},"27":{"name":"(anonymous_27)","decl":{"start":{"line":484,"column":44},"end":{"line":484,"column":45}},"loc":{"start":{"line":484,"column":64},"end":{"line":516,"column":1}},"line":484},"28":{"name":"(anonymous_28)","decl":{"start":{"line":504,"column":32},"end":{"line":504,"column":33}},"loc":{"start":{"line":505,"column":6},"end":{"line":505,"column":153}},"line":505}},"branchMap":{"0":{"loc":{"start":{"line":19,"column":4},"end":{"line":19,"column":97}},"type":"if","locations":[{"start":{"line":19,"column":4},"end":{"line":19,"column":97}},{"start":{},"end":{}}],"line":19},"1":{"loc":{"start":{"line":28,"column":2},"end":{"line":28,"column":104}},"type":"if","locations":[{"start":{"line":28,"column":2},"end":{"line":28,"column":104}},{"start":{},"end":{}}],"line":28},"2":{"loc":{"start":{"line":28,"column":6},"end":{"line":28,"column":34}},"type":"binary-expr","locations":[{"start":{"line":28,"column":6},"end":{"line":28,"column":11}},{"start":{"line":28,"column":15},"end":{"line":28,"column":21}},{"start":{"line":28,"column":25},"end":{"line":28,"column":34}}],"line":28},"3":{"loc":{"start":{"line":48,"column":4},"end":{"line":48,"column":99}},"type":"if","locations":[{"start":{"line":48,"column":4},"end":{"line":48,"column":99}},{"start":{},"end":{}}],"line":48},"4":{"loc":{"start":{"line":58,"column":4},"end":{"line":58,"column":99}},"type":"if","locations":[{"start":{"line":58,"column":4},"end":{"line":58,"column":99}},{"start":{},"end":{}}],"line":58},"5":{"loc":{"start":{"line":81,"column":2},"end":{"line":81,"column":89}},"type":"if","locations":[{"start":{"line":81,"column":2},"end":{"line":81,"column":89}},{"start":{},"end":{}}],"line":81},"6":{"loc":{"start":{"line":106,"column":2},"end":{"line":106,"column":89}},"type":"if","locations":[{"start":{"line":106,"column":2},"end":{"line":106,"column":89}},{"start":{},"end":{}}],"line":106},"7":{"loc":{"start":{"line":129,"column":4},"end":{"line":131,"column":5}},"type":"if","locations":[{"start":{"line":129,"column":4},"end":{"line":131,"column":5}},{"start":{},"end":{}}],"line":129},"8":{"loc":{"start":{"line":134,"column":27},"end":{"line":134,"column":88}},"type":"cond-expr","locations":[{"start":{"line":134,"column":51},"end":{"line":134,"column":83}},{"start":{"line":134,"column":86},"end":{"line":134,"column":88}}],"line":134},"9":{"loc":{"start":{"line":163,"column":6},"end":{"line":168,"column":7}},"type":"if","locations":[{"start":{"line":163,"column":6},"end":{"line":168,"column":7}},{"start":{"line":166,"column":13},"end":{"line":168,"column":7}}],"line":163},"10":{"loc":{"start":{"line":178,"column":21},"end":{"line":178,"column":66}},"type":"cond-expr","locations":[{"start":{"line":178,"column":37},"end":{"line":178,"column":61}},{"start":{"line":178,"column":64},"end":{"line":178,"column":66}}],"line":178},"11":{"loc":{"start":{"line":201,"column":2},"end":{"line":203,"column":3}},"type":"if","locations":[{"start":{"line":201,"column":2},"end":{"line":203,"column":3}},{"start":{},"end":{}}],"line":201},"12":{"loc":{"start":{"line":209,"column":4},"end":{"line":211,"column":5}},"type":"if","locations":[{"start":{"line":209,"column":4},"end":{"line":211,"column":5}},{"start":{},"end":{}}],"line":209},"13":{"loc":{"start":{"line":219,"column":4},"end":{"line":221,"column":5}},"type":"if","locations":[{"start":{"line":219,"column":4},"end":{"line":221,"column":5}},{"start":{},"end":{}}],"line":219},"14":{"loc":{"start":{"line":264,"column":4},"end":{"line":266,"column":5}},"type":"if","locations":[{"start":{"line":264,"column":4},"end":{"line":266,"column":5}},{"start":{},"end":{}}],"line":264},"15":{"loc":{"start":{"line":269,"column":27},"end":{"line":269,"column":88}},"type":"cond-expr","locations":[{"start":{"line":269,"column":51},"end":{"line":269,"column":83}},{"start":{"line":269,"column":86},"end":{"line":269,"column":88}}],"line":269},"16":{"loc":{"start":{"line":285,"column":30},"end":{"line":285,"column":81}},"type":"cond-expr","locations":[{"start":{"line":285,"column":49},"end":{"line":285,"column":76}},{"start":{"line":285,"column":79},"end":{"line":285,"column":81}}],"line":285},"17":{"loc":{"start":{"line":286,"column":28},"end":{"line":286,"column":107}},"type":"cond-expr","locations":[{"start":{"line":286,"column":55},"end":{"line":286,"column":102}},{"start":{"line":286,"column":105},"end":{"line":286,"column":107}}],"line":286},"18":{"loc":{"start":{"line":290,"column":35},"end":{"line":291,"column":65}},"type":"cond-expr","locations":[{"start":{"line":291,"column":8},"end":{"line":291,"column":61}},{"start":{"line":291,"column":64},"end":{"line":291,"column":65}}],"line":290},"19":{"loc":{"start":{"line":298,"column":57},"end":{"line":298,"column":75}},"type":"cond-expr","locations":[{"start":{"line":298,"column":69},"end":{"line":298,"column":71}},{"start":{"line":298,"column":74},"end":{"line":298,"column":75}}],"line":298},"20":{"loc":{"start":{"line":334,"column":4},"end":{"line":336,"column":5}},"type":"if","locations":[{"start":{"line":334,"column":4},"end":{"line":336,"column":5}},{"start":{},"end":{}}],"line":334},"21":{"loc":{"start":{"line":334,"column":8},"end":{"line":334,"column":65}},"type":"binary-expr","locations":[{"start":{"line":334,"column":8},"end":{"line":334,"column":34}},{"start":{"line":334,"column":38},"end":{"line":334,"column":65}}],"line":334},"22":{"loc":{"start":{"line":377,"column":2},"end":{"line":379,"column":3}},"type":"if","locations":[{"start":{"line":377,"column":2},"end":{"line":379,"column":3}},{"start":{},"end":{}}],"line":377},"23":{"loc":{"start":{"line":408,"column":28},"end":{"line":408,"column":51}},"type":"binary-expr","locations":[{"start":{"line":408,"column":28},"end":{"line":408,"column":46}},{"start":{"line":408,"column":50},"end":{"line":408,"column":51}}],"line":408},"24":{"loc":{"start":{"line":413,"column":29},"end":{"line":413,"column":99}},"type":"cond-expr","locations":[{"start":{"line":413,"column":47},"end":{"line":413,"column":95}},{"start":{"line":413,"column":98},"end":{"line":413,"column":99}}],"line":413},"25":{"loc":{"start":{"line":432,"column":2},"end":{"line":434,"column":3}},"type":"if","locations":[{"start":{"line":432,"column":2},"end":{"line":434,"column":3}},{"start":{},"end":{}}],"line":432},"26":{"loc":{"start":{"line":485,"column":2},"end":{"line":487,"column":3}},"type":"if","locations":[{"start":{"line":485,"column":2},"end":{"line":487,"column":3}},{"start":{},"end":{}}],"line":485}},"s":{"0":1,"1":1,"2":1,"3":1,"4":1,"5":1,"6":1,"7":1,"8":0,"9":1,"10":1,"11":1,"12":1,"13":0,"14":1,"15":0,"16":1,"17":1,"18":1,"19":0,"20":1,"21":1,"22":1,"23":0,"24":1,"25":1,"26":1,"27":1,"28":1,"29":0,"30":1,"31":0,"32":1,"33":1,"34":1,"35":1,"36":0,"37":1,"38":0,"39":1,"40":1,"41":1,"42":1,"43":1,"44":0,"45":1,"46":0,"47":0,"48":0,"49":0,"50":0,"51":0,"52":0,"53":1,"54":0,"55":0,"56":0,"57":0,"58":1,"59":0,"60":0,"61":0,"62":0,"63":0,"64":0,"65":1,"66":0,"67":0,"68":0,"69":0,"70":0,"71":0,"72":0,"73":0,"74":0,"75":0,"76":0,"77":0,"78":0,"79":0,"80":0,"81":0,"82":0,"83":0,"84":0,"85":0,"86":0,"87":0,"88":0,"89":1,"90":0,"91":0,"92":0,"93":0,"94":0,"95":0,"96":0,"97":0,"98":0,"99":0,"100":0,"101":0,"102":0,"103":0,"104":0,"105":0,"106":0,"107":1,"108":0,"109":0,"110":0,"111":0,"112":0,"113":0,"114":0,"115":0,"116":0,"117":0,"118":0,"119":0,"120":0,"121":0,"122":0,"123":0,"124":0,"125":0,"126":0,"127":0,"128":0,"129":0,"130":1,"131":0,"132":0,"133":0,"134":0,"135":0,"136":0,"137":0,"138":0,"139":0,"140":0,"141":0,"142":0,"143":1,"144":0,"145":0,"146":0,"147":0,"148":0,"149":0,"150":0,"151":0,"152":0,"153":0,"154":0,"155":0,"156":0,"157":0,"158":0,"159":0,"160":0,"161":1,"162":0,"163":0,"164":0,"165":0,"166":0,"167":0,"168":0,"169":0,"170":0,"171":1,"172":0,"173":0,"174":0,"175":0,"176":0,"177":0,"178":0,"179":0,"180":0,"181":0,"182":0,"183":0,"184":0,"185":1},"f":{"0":1,"1":1,"2":1,"3":1,"4":1,"5":1,"6":0,"7":0,"8":0,"9":0,"10":0,"11":0,"12":0,"13":0,"14":0,"15":0,"16":0,"17":0,"18":0,"19":0,"20":0,"21":0,"22":0,"23":0,"24":0,"25":0,"26":0,"27":0,"28":0},"b":{"0":[0,1],"1":[0,1],"2":[1,1,1],"3":[0,1],"4":[0,1],"5":[0,0],"6":[0,0],"7":[0,0],"8":[0,0],"9":[0,0],"10":[0,0],"11":[0,0],"12":[0,0],"13":[0,0],"14":[0,0],"15":[0,0],"16":[0,0],"17":[0,0],"18":[0,0],"19":[0,0],"20":[0,0],"21":[0,0],"22":[0,0],"23":[0,0],"24":[0,0],"25":[0,0],"26":[0,0]},"_coverageSchema":"1a1c01bbd47fc00a2c39e90264f33305004495a9","hash":"03cd944700396525fa567de0a6c1f11d3fbb916f"}
}
