TN:
SF:middleware\auth.js
FN:3,(anonymous_0)
FN:7,(anonymous_1)
FNF:2
FNH:0
FNDA:0,(anonymous_0)
FNDA:0,(anonymous_1)
DA:1,0
DA:3,0
DA:4,0
DA:5,0
DA:6,0
DA:7,0
DA:8,0
DA:9,0
DA:10,0
LF:9
LH:0
BRDA:5,0,0,0
BRDA:5,0,1,0
BRDA:6,1,0,0
BRDA:6,1,1,0
BRDA:8,2,0,0
BRDA:8,2,1,0
BRF:6
BRH:0
end_of_record
TN:
SF:middleware\role.js
FN:1,restrictTo
FN:2,(anonymous_1)
FNF:2
FNH:0
FNDA:0,restrictTo
FNDA:0,(anonymous_1)
DA:1,0
DA:2,0
DA:3,0
DA:4,0
DA:6,0
LF:5
LH:0
BRDA:3,0,0,0
BRDA:3,0,1,0
BRF:2
BRH:0
end_of_record
TN:
SF:routes\adoption.js
FN:7,(anonymous_0)
FN:21,(anonymous_1)
FN:32,(anonymous_2)
FN:44,(anonymous_3)
FNF:4
FNH:3
FNDA:1,(anonymous_0)
FNDA:2,(anonymous_1)
FNDA:1,(anonymous_2)
FNDA:0,(anonymous_3)
DA:1,1
DA:2,1
DA:3,1
DA:4,1
DA:7,1
DA:8,1
DA:9,1
DA:10,1
DA:14,1
DA:16,0
DA:21,1
DA:22,2
DA:23,2
DA:24,2
DA:25,1
DA:27,1
DA:32,1
DA:33,1
DA:34,1
DA:35,1
DA:36,1
DA:37,1
DA:39,0
DA:44,1
DA:45,0
DA:46,0
DA:47,0
DA:49,0
DA:53,1
LF:29
LH:23
BRDA:22,0,0,0
BRDA:22,0,1,2
BRDA:33,1,0,0
BRDA:33,1,1,1
BRF:4
BRH:2
end_of_record
TN:
SF:routes\animals.js
FN:7,(anonymous_0)
FN:17,(anonymous_1)
FN:28,(anonymous_2)
FN:42,(anonymous_3)
FN:56,(anonymous_4)
FNF:5
FNH:4
FNDA:2,(anonymous_0)
FNDA:0,(anonymous_1)
FNDA:1,(anonymous_2)
FNDA:1,(anonymous_3)
FNDA:1,(anonymous_4)
DA:1,1
DA:2,1
DA:3,1
DA:4,1
DA:7,1
DA:8,2
DA:9,2
DA:10,1
DA:12,1
DA:17,1
DA:18,0
DA:19,0
DA:20,0
DA:21,0
DA:23,0
DA:28,1
DA:29,1
DA:30,1
DA:31,1
DA:35,1
DA:37,0
DA:42,1
DA:43,1
DA:44,1
DA:45,1
DA:49,1
DA:51,0
DA:56,1
DA:57,1
DA:58,1
DA:59,1
DA:61,0
DA:65,1
LF:33
LH:25
BRDA:20,0,0,0
BRDA:20,0,1,0
BRF:2
BRH:0
end_of_record
TN:
SF:routes\donations.js
FN:7,(anonymous_0)
FN:23,(anonymous_1)
FN:36,(anonymous_2)
FNF:3
FNH:2
FNDA:1,(anonymous_0)
FNDA:0,(anonymous_1)
FNDA:2,(anonymous_2)
DA:1,1
DA:2,1
DA:3,1
DA:4,1
DA:7,1
DA:8,1
DA:9,1
DA:10,1
DA:15,1
DA:16,1
DA:18,0
DA:23,1
DA:24,0
DA:25,0
DA:29,0
DA:31,0
DA:36,1
DA:37,2
DA:38,2
DA:39,2
DA:40,1
DA:42,1
DA:46,1
LF:23
LH:18
BRDA:37,0,0,0
BRDA:37,0,1,2
BRF:2
BRH:1
end_of_record
TN:
SF:routes\events.js
FN:7,(anonymous_0)
FN:38,(anonymous_1)
FN:50,(anonymous_2)
FN:62,(anonymous_3)
FN:89,(anonymous_4)
FN:131,(anonymous_5)
FN:169,(anonymous_6)
FN:186,(anonymous_7)
FN:221,(anonymous_8)
FNF:9
FNH:9
FNDA:3,(anonymous_0)
FNDA:1,(anonymous_1)
FNDA:2,(anonymous_2)
FNDA:2,(anonymous_3)
FNDA:2,(anonymous_4)
FNDA:1,(anonymous_5)
FNDA:1,(anonymous_6)
FNDA:3,(anonymous_7)
FNDA:1,(anonymous_8)
DA:1,1
DA:2,1
DA:3,1
DA:4,1
DA:7,1
DA:8,3
DA:10,3
DA:11,1
DA:14,3
DA:15,0
DA:18,3
DA:19,1
DA:22,3
DA:23,0
DA:26,3
DA:27,1
DA:30,3
DA:31,0
DA:34,3
DA:38,1
DA:39,1
DA:40,1
DA:50,2
DA:55,1
DA:57,0
DA:62,1
DA:63,2
DA:64,2
DA:75,2
DA:76,1
DA:79,1
DA:80,1
DA:82,1
DA:84,0
DA:89,1
DA:90,2
DA:91,0
DA:94,2
DA:97,2
DA:98,2
DA:99,1
DA:102,1
DA:104,1
DA:109,1
DA:112,1
DA:113,1
DA:114,1
DA:121,1
DA:126,0
DA:131,1
DA:132,1
DA:133,0
DA:136,1
DA:139,1
DA:140,1
DA:141,0
DA:144,1
DA:146,1
DA:152,1
DA:153,1
DA:154,1
DA:155,2
DA:162,1
DA:164,0
DA:169,1
DA:170,1
DA:171,0
DA:174,1
DA:175,1
DA:176,1
DA:177,1
DA:179,1
DA:181,0
DA:186,1
DA:187,3
DA:189,3
DA:194,3
DA:195,1
DA:199,2
DA:204,2
DA:205,1
DA:209,1
DA:214,1
DA:216,0
DA:221,1
DA:222,1
DA:223,1
DA:228,1
DA:230,0
DA:234,1
LF:90
LH:76
BRDA:10,0,0,1
BRDA:10,0,1,2
BRDA:10,1,0,3
BRDA:10,1,1,2
BRDA:14,2,0,0
BRDA:14,2,1,3
BRDA:14,3,0,3
BRDA:14,3,1,3
BRDA:18,4,0,1
BRDA:18,4,1,2
BRDA:18,5,0,3
BRDA:18,5,1,3
BRDA:22,6,0,0
BRDA:22,6,1,3
BRDA:22,7,0,3
BRDA:22,7,1,3
BRDA:26,8,0,1
BRDA:26,8,1,2
BRDA:26,9,0,3
BRDA:26,9,1,3
BRDA:30,10,0,0
BRDA:30,10,1,3
BRDA:30,11,0,3
BRDA:30,11,1,2
BRDA:52,12,0,2
BRDA:52,12,1,0
BRDA:75,13,0,1
BRDA:75,13,1,1
BRDA:80,14,0,1
BRDA:80,14,1,0
BRDA:90,15,0,0
BRDA:90,15,1,2
BRDA:98,16,0,1
BRDA:98,16,1,1
BRDA:112,17,0,1
BRDA:112,17,1,0
BRDA:112,18,0,1
BRDA:112,18,1,1
BRDA:132,19,0,0
BRDA:132,19,1,1
BRDA:140,20,0,0
BRDA:140,20,1,1
BRDA:152,21,0,1
BRDA:152,21,1,0
BRDA:152,22,0,1
BRDA:152,22,1,1
BRDA:170,23,0,0
BRDA:170,23,1,1
BRDA:194,24,0,1
BRDA:194,24,1,2
BRDA:204,25,0,1
BRDA:204,25,1,1
BRF:52
BRH:41
end_of_record
TN:
SF:routes\notifications.js
FN:7,(anonymous_0)
FN:16,(anonymous_1)
FN:26,(anonymous_2)
FN:40,(anonymous_3)
FN:54,(anonymous_4)
FN:65,(anonymous_5)
FN:79,(anonymous_6)
FN:89,(anonymous_7)
FN:99,(anonymous_8)
FN:113,(anonymous_9)
FN:135,(anonymous_10)
FN:177,(anonymous_11)
FN:221,(anonymous_12)
FN:234,(anonymous_13)
FNF:14
FNH:6
FNDA:1,(anonymous_0)
FNDA:1,(anonymous_1)
FNDA:1,(anonymous_2)
FNDA:1,(anonymous_3)
FNDA:1,(anonymous_4)
FNDA:1,(anonymous_5)
FNDA:0,(anonymous_6)
FNDA:0,(anonymous_7)
FNDA:0,(anonymous_8)
FNDA:0,(anonymous_9)
FNDA:0,(anonymous_10)
FNDA:0,(anonymous_11)
FNDA:0,(anonymous_12)
FNDA:0,(anonymous_13)
DA:1,1
DA:2,1
DA:3,1
DA:4,1
DA:7,1
DA:8,1
DA:9,1
DA:10,1
DA:12,0
DA:16,1
DA:17,1
DA:18,1
DA:19,1
DA:20,1
DA:22,0
DA:26,1
DA:27,1
DA:28,1
DA:29,1
DA:30,1
DA:34,1
DA:36,0
DA:40,1
DA:41,1
DA:42,1
DA:43,1
DA:47,1
DA:48,1
DA:50,0
DA:54,1
DA:55,1
DA:56,1
DA:57,1
DA:58,1
DA:60,0
DA:65,1
DA:66,1
DA:67,1
DA:72,1
DA:74,0
DA:79,1
DA:80,0
DA:81,0
DA:82,0
DA:84,0
DA:89,1
DA:90,0
DA:91,0
DA:92,0
DA:94,0
DA:99,1
DA:100,0
DA:101,0
DA:105,0
DA:107,0
DA:108,0
DA:113,1
DA:114,0
DA:115,0
DA:118,0
DA:120,0
DA:121,0
DA:122,0
DA:124,0
DA:125,0
DA:127,0
DA:130,0
DA:135,1
DA:136,0
DA:137,0
DA:140,0
DA:141,0
DA:144,0
DA:145,0
DA:146,0
DA:149,0
DA:152,0
DA:160,0
DA:161,0
DA:162,0
DA:163,0
DA:164,0
DA:167,0
DA:172,0
DA:177,1
DA:178,0
DA:179,0
DA:182,0
DA:184,0
DA:185,0
DA:188,0
DA:189,0
DA:190,0
DA:193,0
DA:196,0
DA:204,0
DA:205,0
DA:206,0
DA:207,0
DA:208,0
DA:211,0
DA:216,0
DA:221,1
DA:222,0
DA:223,0
DA:227,0
DA:229,0
DA:234,1
DA:235,0
DA:236,0
DA:240,0
DA:242,0
DA:246,1
LF:113
LH:43
BRDA:19,0,0,0
BRDA:19,0,1,1
BRDA:28,1,0,0
BRDA:28,1,1,1
BRDA:28,2,0,1
BRDA:28,2,1,1
BRDA:32,3,0,1
BRDA:32,3,1,1
BRDA:47,4,0,0
BRDA:47,4,1,1
BRDA:57,5,0,0
BRDA:57,5,1,1
BRDA:99,6,0,0
BRDA:114,7,0,0
BRDA:114,7,1,0
BRDA:124,8,0,0
BRDA:124,8,1,0
BRDA:136,9,0,0
BRDA:136,9,1,0
BRDA:145,10,0,0
BRDA:145,10,1,0
BRDA:178,11,0,0
BRDA:178,11,1,0
BRDA:189,12,0,0
BRDA:189,12,1,0
BRF:25
BRH:8
end_of_record
TN:
SF:routes\users.js
FN:9,(anonymous_0)
FN:31,(anonymous_1)
FN:54,(anonymous_2)
FN:77,(anonymous_3)
FN:97,(anonymous_4)
FN:106,(anonymous_5)
FN:146,(anonymous_6)
FN:159,(anonymous_7)
FNF:8
FNH:2
FNDA:3,(anonymous_0)
FNDA:3,(anonymous_1)
FNDA:0,(anonymous_2)
FNDA:0,(anonymous_3)
FNDA:0,(anonymous_4)
FNDA:0,(anonymous_5)
FNDA:0,(anonymous_6)
FNDA:0,(anonymous_7)
DA:1,1
DA:2,1
DA:3,1
DA:4,1
DA:5,1
DA:6,1
DA:9,1
DA:10,3
DA:11,3
DA:12,1
DA:14,2
DA:15,2
DA:16,2
DA:17,1
DA:19,1
DA:20,1
DA:24,1
DA:26,0
DA:31,1
DA:32,3
DA:33,3
DA:34,1
DA:36,2
DA:37,2
DA:38,2
DA:39,1
DA:41,1
DA:42,1
DA:43,1
DA:44,0
DA:46,1
DA:47,1
DA:49,0
DA:54,1
DA:55,0
DA:57,0
DA:58,0
DA:61,0
DA:62,0
DA:65,0
DA:66,0
DA:69,0
DA:70,0
DA:73,0
DA:77,1
DA:78,0
DA:79,0
DA:89,0
DA:90,0
DA:94,0
DA:96,0
DA:97,0
DA:99,0
DA:101,0
DA:106,1
DA:107,0
DA:110,0
DA:111,0
DA:112,0
DA:115,0
DA:117,0
DA:123,0
DA:124,0
DA:125,0
DA:126,0
DA:132,0
DA:133,0
DA:139,0
DA:141,0
DA:146,1
DA:147,0
DA:148,0
DA:152,0
DA:154,0
DA:159,1
DA:160,0
DA:162,0
DA:163,0
DA:166,0
DA:168,0
DA:171,0
DA:172,0
DA:178,0
DA:180,0
DA:184,1
LF:85
LH:36
BRDA:11,0,0,1
BRDA:11,0,1,2
BRDA:11,1,0,3
BRDA:11,1,1,3
BRDA:11,1,2,3
BRDA:11,1,3,2
BRDA:11,1,4,2
BRDA:11,1,5,2
BRDA:16,2,0,1
BRDA:16,2,1,1
BRDA:33,3,0,1
BRDA:33,3,1,2
BRDA:33,4,0,3
BRDA:33,4,1,3
BRDA:38,5,0,1
BRDA:38,5,1,1
BRDA:43,6,0,0
BRDA:43,6,1,1
BRDA:57,7,0,0
BRDA:57,7,1,0
BRDA:57,8,0,0
BRDA:57,8,1,0
BRDA:61,9,0,0
BRDA:61,9,1,0
BRDA:61,10,0,0
BRDA:61,10,1,0
BRDA:65,11,0,0
BRDA:65,11,1,0
BRDA:65,12,0,0
BRDA:65,12,1,0
BRDA:69,13,0,0
BRDA:69,13,1,0
BRDA:69,14,0,0
BRDA:69,14,1,0
BRDA:89,15,0,0
BRDA:89,15,1,0
BRDA:111,16,0,0
BRDA:111,16,1,0
BRDA:123,17,0,0
BRDA:123,17,1,0
BRDA:123,18,0,0
BRDA:123,18,1,0
BRDA:132,19,0,0
BRDA:132,19,1,0
BRDA:162,20,0,0
BRDA:162,20,1,0
BRF:46
BRH:17
end_of_record
TN:
SF:routes\vets.js
FN:9,(anonymous_0)
FN:18,(anonymous_1)
FN:28,(anonymous_2)
FN:43,(anonymous_3)
FN:57,(anonymous_4)
FN:69,(anonymous_5)
FN:96,(anonymous_6)
FN:113,(anonymous_7)
FNF:8
FNH:6
FNDA:1,(anonymous_0)
FNDA:1,(anonymous_1)
FNDA:1,(anonymous_2)
FNDA:1,(anonymous_3)
FNDA:1,(anonymous_4)
FNDA:1,(anonymous_5)
FNDA:0,(anonymous_6)
FNDA:0,(anonymous_7)
DA:1,1
DA:2,1
DA:3,1
DA:4,1
DA:5,1
DA:9,1
DA:10,1
DA:11,1
DA:12,1
DA:14,0
DA:18,1
DA:19,1
DA:20,1
DA:21,1
DA:22,1
DA:24,0
DA:28,1
DA:29,1
DA:30,1
DA:31,1
DA:33,1
DA:37,1
DA:39,0
DA:43,1
DA:44,1
DA:45,1
DA:46,1
DA:50,1
DA:51,1
DA:53,0
DA:57,1
DA:58,1
DA:59,1
DA:60,1
DA:61,1
DA:63,0
DA:69,1
DA:70,1
DA:72,1
DA:73,0
DA:76,1
DA:78,1
DA:79,1
DA:81,1
DA:88,1
DA:90,0
DA:96,1
DA:97,0
DA:99,0
DA:100,0
DA:105,0
DA:107,0
DA:113,1
DA:114,0
DA:116,0
DA:117,0
DA:124,0
DA:125,0
DA:128,0
DA:130,0
DA:134,1
LF:61
LH:42
BRDA:21,0,0,0
BRDA:21,0,1,1
BRDA:30,1,0,0
BRDA:30,1,1,1
BRDA:30,2,0,1
BRDA:30,2,1,1
BRDA:30,2,2,1
BRDA:50,3,0,0
BRDA:50,3,1,1
BRDA:60,4,0,0
BRDA:60,4,1,1
BRDA:72,5,0,0
BRDA:72,5,1,1
BRDA:72,6,0,1
BRDA:72,6,1,1
BRDA:72,6,2,1
BRDA:72,6,3,1
BRDA:72,6,4,1
BRDA:79,7,0,1
BRDA:79,7,1,0
BRDA:124,8,0,0
BRDA:124,8,1,0
BRF:22
BRH:14
end_of_record
TN:
SF:routes\volunteers.js
FN:7,(anonymous_0)
FN:16,(anonymous_1)
FN:26,(anonymous_2)
FN:41,(anonymous_3)
FN:55,(anonymous_4)
FN:66,(anonymous_5)
FN:80,(anonymous_6)
FN:95,(anonymous_7)
FN:105,(anonymous_8)
FN:116,(anonymous_9)
FN:175,(anonymous_10)
FN:176,(anonymous_11)
FN:181,(anonymous_12)
FN:200,(anonymous_13)
FN:251,(anonymous_14)
FN:284,(anonymous_15)
FN:289,(anonymous_16)
FN:311,(anonymous_17)
FN:312,(anonymous_18)
FN:329,(anonymous_19)
FN:356,(anonymous_20)
FN:361,(anonymous_21)
FN:376,(anonymous_22)
FN:404,(anonymous_23)
FN:405,(anonymous_24)
FN:407,(anonymous_25)
FN:431,(anonymous_26)
FN:484,(anonymous_27)
FN:504,(anonymous_28)
FNF:29
FNH:6
FNDA:1,(anonymous_0)
FNDA:1,(anonymous_1)
FNDA:1,(anonymous_2)
FNDA:1,(anonymous_3)
FNDA:1,(anonymous_4)
FNDA:1,(anonymous_5)
FNDA:0,(anonymous_6)
FNDA:0,(anonymous_7)
FNDA:0,(anonymous_8)
FNDA:0,(anonymous_9)
FNDA:0,(anonymous_10)
FNDA:0,(anonymous_11)
FNDA:0,(anonymous_12)
FNDA:0,(anonymous_13)
FNDA:0,(anonymous_14)
FNDA:0,(anonymous_15)
FNDA:0,(anonymous_16)
FNDA:0,(anonymous_17)
FNDA:0,(anonymous_18)
FNDA:0,(anonymous_19)
FNDA:0,(anonymous_20)
FNDA:0,(anonymous_21)
FNDA:0,(anonymous_22)
FNDA:0,(anonymous_23)
FNDA:0,(anonymous_24)
FNDA:0,(anonymous_25)
FNDA:0,(anonymous_26)
FNDA:0,(anonymous_27)
FNDA:0,(anonymous_28)
DA:1,1
DA:2,1
DA:3,1
DA:4,1
DA:7,1
DA:8,1
DA:9,1
DA:10,1
DA:12,0
DA:16,1
DA:17,1
DA:18,1
DA:19,1
DA:20,1
DA:22,0
DA:26,1
DA:27,1
DA:28,1
DA:29,1
DA:31,1
DA:35,1
DA:37,0
DA:41,1
DA:42,1
DA:43,1
DA:44,1
DA:48,1
DA:49,1
DA:51,0
DA:55,1
DA:56,1
DA:57,1
DA:58,1
DA:59,1
DA:61,0
DA:66,1
DA:67,1
DA:68,1
DA:69,1
DA:73,1
DA:75,0
DA:80,1
DA:81,0
DA:82,0
DA:83,0
DA:84,0
DA:88,0
DA:90,0
DA:95,1
DA:96,0
DA:97,0
DA:98,0
DA:100,0
DA:105,1
DA:106,0
DA:107,0
DA:108,0
DA:109,0
DA:111,0
DA:116,1
DA:117,0
DA:118,0
DA:121,0
DA:129,0
DA:130,0
DA:133,0
DA:134,0
DA:137,0
DA:150,0
DA:153,0
DA:154,0
DA:155,0
DA:163,0
DA:164,0
DA:165,0
DA:167,0
DA:170,0
DA:174,0
DA:175,0
DA:176,0
DA:181,0
DA:183,0
DA:195,0
DA:200,1
DA:201,0
DA:202,0
DA:205,0
DA:206,0
DA:207,0
DA:209,0
DA:210,0
DA:214,0
DA:219,0
DA:220,0
DA:224,0
DA:225,0
DA:226,0
DA:232,0
DA:237,0
DA:240,0
DA:246,0
DA:251,1
DA:252,0
DA:253,0
DA:256,0
DA:264,0
DA:265,0
DA:268,0
DA:269,0
DA:272,0
DA:284,0
DA:285,0
DA:286,0
DA:289,0
DA:290,0
DA:294,0
DA:295,0
DA:298,0
DA:300,0
DA:311,0
DA:312,0
DA:314,0
DA:324,0
DA:329,1
DA:330,0
DA:331,0
DA:334,0
DA:335,0
DA:339,0
DA:355,0
DA:356,0
DA:358,0
DA:361,0
DA:363,0
DA:371,0
DA:376,1
DA:377,0
DA:378,0
DA:381,0
DA:382,0
DA:385,0
DA:396,0
DA:403,0
DA:404,0
DA:405,0
DA:407,0
DA:408,0
DA:409,0
DA:413,0
DA:415,0
DA:426,0
DA:431,1
DA:432,0
DA:433,0
DA:436,0
DA:438,0
DA:443,0
DA:451,0
DA:458,0
DA:472,0
DA:479,0
DA:484,1
DA:485,0
DA:486,0
DA:489,0
DA:490,0
DA:492,0
DA:503,0
DA:504,0
DA:505,0
DA:508,0
DA:510,0
DA:511,0
DA:512,0
DA:514,0
DA:518,1
LF:176
LH:46
BRDA:19,0,0,0
BRDA:19,0,1,1
BRDA:28,1,0,0
BRDA:28,1,1,1
BRDA:28,2,0,1
BRDA:28,2,1,1
BRDA:28,2,2,1
BRDA:48,3,0,0
BRDA:48,3,1,1
BRDA:58,4,0,0
BRDA:58,4,1,1
BRDA:81,5,0,0
BRDA:81,5,1,0
BRDA:106,6,0,0
BRDA:106,6,1,0
BRDA:129,7,0,0
BRDA:129,7,1,0
BRDA:134,8,0,0
BRDA:134,8,1,0
BRDA:163,9,0,0
BRDA:163,9,1,0
BRDA:178,10,0,0
BRDA:178,10,1,0
BRDA:201,11,0,0
BRDA:201,11,1,0
BRDA:209,12,0,0
BRDA:209,12,1,0
BRDA:219,13,0,0
BRDA:219,13,1,0
BRDA:264,14,0,0
BRDA:264,14,1,0
BRDA:269,15,0,0
BRDA:269,15,1,0
BRDA:285,16,0,0
BRDA:285,16,1,0
BRDA:286,17,0,0
BRDA:286,17,1,0
BRDA:290,18,0,0
BRDA:290,18,1,0
BRDA:298,19,0,0
BRDA:298,19,1,0
BRDA:334,20,0,0
BRDA:334,20,1,0
BRDA:334,21,0,0
BRDA:334,21,1,0
BRDA:377,22,0,0
BRDA:377,22,1,0
BRDA:408,23,0,0
BRDA:408,23,1,0
BRDA:413,24,0,0
BRDA:413,24,1,0
BRDA:432,25,0,0
BRDA:432,25,1,0
BRDA:485,26,0,0
BRDA:485,26,1,0
BRF:55
BRH:7
end_of_record
